{"C:\\Users\\Geoffrey\\Documents\\GitHub\\recyclr-frontend\\dir\\app\\components\\Admin.jsx": {"path":"C:\\Users\\Geoffrey\\Documents\\GitHub\\recyclr-frontend\\dir\\app\\components\\Admin.jsx","statementMap":{"0":{"start":{"line":6,"column":8},"end":{"line":6,"column":21}},"1":{"start":{"line":7,"column":8},"end":{"line":9,"column":10}},"2":{"start":{"line":11,"column":8},"end":{"line":11,"column":47}},"3":{"start":{"line":12,"column":8},"end":{"line":12,"column":57}},"4":{"start":{"line":15,"column":8},"end":{"line":17,"column":11}},"5":{"start":{"line":21,"column":8},"end":{"line":21,"column":41}},"6":{"start":{"line":22,"column":8},"end":{"line":26,"column":11}},"7":{"start":{"line":23,"column":12},"end":{"line":23,"column":32}},"8":{"start":{"line":25,"column":12},"end":{"line":25,"column":31}},"9":{"start":{"line":27,"column":8},"end":{"line":27,"column":49}},"10":{"start":{"line":28,"column":8},"end":{"line":28,"column":52}},"11":{"start":{"line":29,"column":8},"end":{"line":29,"column":48}},"12":{"start":{"line":30,"column":8},"end":{"line":30,"column":51}},"13":{"start":{"line":34,"column":8},"end":{"line":53,"column":10}}},"fnMap":{"0":{"name":"(anonymous_0)","decl":{"start":{"line":5,"column":4},"end":{"line":5,"column":5}},"loc":{"start":{"line":5,"column":23},"end":{"line":13,"column":5}},"line":5},"1":{"name":"(anonymous_1)","decl":{"start":{"line":14,"column":4},"end":{"line":14,"column":5}},"loc":{"start":{"line":14,"column":21},"end":{"line":18,"column":5}},"line":14},"2":{"name":"(anonymous_2)","decl":{"start":{"line":20,"column":4},"end":{"line":20,"column":5}},"loc":{"start":{"line":20,"column":19},"end":{"line":31,"column":5}},"line":20},"3":{"name":"(anonymous_3)","decl":{"start":{"line":22,"column":83},"end":{"line":22,"column":84}},"loc":{"start":{"line":22,"column":101},"end":{"line":24,"column":9}},"line":22},"4":{"name":"(anonymous_4)","decl":{"start":{"line":24,"column":17},"end":{"line":24,"column":18}},"loc":{"start":{"line":24,"column":34},"end":{"line":26,"column":9}},"line":24},"5":{"name":"(anonymous_5)","decl":{"start":{"line":33,"column":4},"end":{"line":33,"column":5}},"loc":{"start":{"line":33,"column":13},"end":{"line":54,"column":5}},"line":33}},"branchMap":{},"s":{"0":1,"1":1,"2":1,"3":1,"4":0,"5":1,"6":1,"7":0,"8":0,"9":1,"10":1,"11":1,"12":1,"13":2},"f":{"0":1,"1":0,"2":1,"3":0,"4":0,"5":2},"b":{},"_coverageSchema":"332fd63041d2c1bcb487cc26dd0d5f7d97098a6c","hash":"6b1c223e22d53c3e9547de8c96b408d1971f5ec1"}
,"C:\\Users\\Geoffrey\\Documents\\GitHub\\recyclr-frontend\\dir\\app\\components\\Authentication.jsx": {"path":"C:\\Users\\Geoffrey\\Documents\\GitHub\\recyclr-frontend\\dir\\app\\components\\Authentication.jsx","statementMap":{"0":{"start":{"line":14,"column":8},"end":{"line":14,"column":21}},"1":{"start":{"line":15,"column":8},"end":{"line":27,"column":10}},"2":{"start":{"line":29,"column":8},"end":{"line":29,"column":55}},"3":{"start":{"line":30,"column":8},"end":{"line":30,"column":61}},"4":{"start":{"line":31,"column":8},"end":{"line":31,"column":53}},"5":{"start":{"line":32,"column":8},"end":{"line":32,"column":61}},"6":{"start":{"line":33,"column":8},"end":{"line":33,"column":53}},"7":{"start":{"line":34,"column":8},"end":{"line":34,"column":45}},"8":{"start":{"line":35,"column":8},"end":{"line":35,"column":45}},"9":{"start":{"line":39,"column":8},"end":{"line":41,"column":11}},"10":{"start":{"line":44,"column":8},"end":{"line":46,"column":11}},"11":{"start":{"line":49,"column":8},"end":{"line":51,"column":11}},"12":{"start":{"line":54,"column":8},"end":{"line":56,"column":11}},"13":{"start":{"line":62,"column":18},"end":{"line":65,"column":9}},"14":{"start":{"line":66,"column":20},"end":{"line":66,"column":24}},"15":{"start":{"line":67,"column":8},"end":{"line":92,"column":11}},"16":{"start":{"line":68,"column":12},"end":{"line":68,"column":32}},"17":{"start":{"line":69,"column":23},"end":{"line":73,"column":13}},"18":{"start":{"line":75,"column":12},"end":{"line":75,"column":64}},"19":{"start":{"line":76,"column":12},"end":{"line":76,"column":63}},"20":{"start":{"line":77,"column":12},"end":{"line":77,"column":65}},"21":{"start":{"line":78,"column":12},"end":{"line":78,"column":68}},"22":{"start":{"line":79,"column":12},"end":{"line":85,"column":19}},"23":{"start":{"line":81,"column":20},"end":{"line":81,"column":86}},"24":{"start":{"line":83,"column":20},"end":{"line":83,"column":54}},"25":{"start":{"line":84,"column":20},"end":{"line":84,"column":73}},"26":{"start":{"line":88,"column":12},"end":{"line":88,"column":31}},"27":{"start":{"line":89,"column":12},"end":{"line":89,"column":44}},"28":{"start":{"line":90,"column":12},"end":{"line":90,"column":46}},"29":{"start":{"line":91,"column":12},"end":{"line":91,"column":55}},"30":{"start":{"line":95,"column":21},"end":{"line":103,"column":9}},"31":{"start":{"line":104,"column":20},"end":{"line":104,"column":24}},"32":{"start":{"line":106,"column":8},"end":{"line":121,"column":9}},"33":{"start":{"line":107,"column":12},"end":{"line":112,"column":15}},"34":{"start":{"line":108,"column":16},"end":{"line":108,"column":53}},"35":{"start":{"line":110,"column":16},"end":{"line":110,"column":35}},"36":{"start":{"line":111,"column":16},"end":{"line":111,"column":48}},"37":{"start":{"line":115,"column":12},"end":{"line":120,"column":15}},"38":{"start":{"line":116,"column":16},"end":{"line":116,"column":53}},"39":{"start":{"line":118,"column":16},"end":{"line":118,"column":35}},"40":{"start":{"line":119,"column":16},"end":{"line":119,"column":48}},"41":{"start":{"line":124,"column":8},"end":{"line":131,"column":9}},"42":{"start":{"line":125,"column":12},"end":{"line":130,"column":18}},"43":{"start":{"line":133,"column":8},"end":{"line":180,"column":9}},"44":{"start":{"line":134,"column":12},"end":{"line":146,"column":19}},"45":{"start":{"line":149,"column":12},"end":{"line":179,"column":19}},"46":{"start":{"line":158,"column":58},"end":{"line":158,"column":200}},"47":{"start":{"line":181,"column":8},"end":{"line":199,"column":10}},"48":{"start":{"line":187,"column":111},"end":{"line":187,"column":162}},"49":{"start":{"line":190,"column":104},"end":{"line":190,"column":155}}},"fnMap":{"0":{"name":"(anonymous_0)","decl":{"start":{"line":13,"column":4},"end":{"line":13,"column":5}},"loc":{"start":{"line":13,"column":23},"end":{"line":37,"column":5}},"line":13},"1":{"name":"(anonymous_1)","decl":{"start":{"line":38,"column":4},"end":{"line":38,"column":5}},"loc":{"start":{"line":38,"column":23},"end":{"line":42,"column":5}},"line":38},"2":{"name":"(anonymous_2)","decl":{"start":{"line":43,"column":4},"end":{"line":43,"column":5}},"loc":{"start":{"line":43,"column":26},"end":{"line":47,"column":5}},"line":43},"3":{"name":"(anonymous_3)","decl":{"start":{"line":48,"column":4},"end":{"line":48,"column":5}},"loc":{"start":{"line":48,"column":22},"end":{"line":52,"column":5}},"line":48},"4":{"name":"(anonymous_4)","decl":{"start":{"line":53,"column":4},"end":{"line":53,"column":5}},"loc":{"start":{"line":53,"column":22},"end":{"line":57,"column":5}},"line":53},"5":{"name":"(anonymous_5)","decl":{"start":{"line":61,"column":4},"end":{"line":61,"column":5}},"loc":{"start":{"line":61,"column":18},"end":{"line":93,"column":5}},"line":61},"6":{"name":"(anonymous_6)","decl":{"start":{"line":67,"column":58},"end":{"line":67,"column":59}},"loc":{"start":{"line":67,"column":76},"end":{"line":87,"column":9}},"line":67},"7":{"name":"(anonymous_7)","decl":{"start":{"line":80,"column":22},"end":{"line":80,"column":23}},"loc":{"start":{"line":80,"column":40},"end":{"line":85,"column":17}},"line":80},"8":{"name":"(anonymous_8)","decl":{"start":{"line":87,"column":17},"end":{"line":87,"column":18}},"loc":{"start":{"line":87,"column":34},"end":{"line":92,"column":9}},"line":87},"9":{"name":"(anonymous_9)","decl":{"start":{"line":94,"column":4},"end":{"line":94,"column":5}},"loc":{"start":{"line":94,"column":13},"end":{"line":122,"column":5}},"line":94},"10":{"name":"(anonymous_10)","decl":{"start":{"line":107,"column":63},"end":{"line":107,"column":64}},"loc":{"start":{"line":107,"column":81},"end":{"line":109,"column":13}},"line":107},"11":{"name":"(anonymous_11)","decl":{"start":{"line":109,"column":21},"end":{"line":109,"column":22}},"loc":{"start":{"line":109,"column":38},"end":{"line":112,"column":13}},"line":109},"12":{"name":"(anonymous_12)","decl":{"start":{"line":115,"column":66},"end":{"line":115,"column":67}},"loc":{"start":{"line":115,"column":84},"end":{"line":117,"column":13}},"line":115},"13":{"name":"(anonymous_13)","decl":{"start":{"line":117,"column":21},"end":{"line":117,"column":22}},"loc":{"start":{"line":117,"column":38},"end":{"line":120,"column":13}},"line":117},"14":{"name":"(anonymous_14)","decl":{"start":{"line":123,"column":4},"end":{"line":123,"column":5}},"loc":{"start":{"line":123,"column":13},"end":{"line":200,"column":5}},"line":123},"15":{"name":"(anonymous_15)","decl":{"start":{"line":158,"column":45},"end":{"line":158,"column":46}},"loc":{"start":{"line":158,"column":56},"end":{"line":158,"column":202}},"line":158},"16":{"name":"(anonymous_16)","decl":{"start":{"line":187,"column":105},"end":{"line":187,"column":106}},"loc":{"start":{"line":187,"column":111},"end":{"line":187,"column":162}},"line":187},"17":{"name":"(anonymous_17)","decl":{"start":{"line":190,"column":98},"end":{"line":190,"column":99}},"loc":{"start":{"line":190,"column":104},"end":{"line":190,"column":155}},"line":190}},"branchMap":{"0":{"loc":{"start":{"line":106,"column":8},"end":{"line":121,"column":9}},"type":"if","locations":[{"start":{"line":106,"column":8},"end":{"line":121,"column":9}},{"start":{"line":106,"column":8},"end":{"line":121,"column":9}}],"line":106},"1":{"loc":{"start":{"line":124,"column":8},"end":{"line":131,"column":9}},"type":"if","locations":[{"start":{"line":124,"column":8},"end":{"line":131,"column":9}},{"start":{"line":124,"column":8},"end":{"line":131,"column":9}}],"line":124},"2":{"loc":{"start":{"line":133,"column":8},"end":{"line":180,"column":9}},"type":"if","locations":[{"start":{"line":133,"column":8},"end":{"line":180,"column":9}},{"start":{"line":133,"column":8},"end":{"line":180,"column":9}}],"line":133}},"s":{"0":8,"1":8,"2":8,"3":8,"4":8,"5":8,"6":8,"7":8,"8":8,"9":1,"10":1,"11":1,"12":1,"13":1,"14":1,"15":1,"16":0,"17":0,"18":0,"19":0,"20":0,"21":0,"22":0,"23":0,"24":0,"25":0,"26":0,"27":0,"28":0,"29":0,"30":1,"31":1,"32":1,"33":1,"34":0,"35":0,"36":0,"37":0,"38":0,"39":0,"40":0,"41":20,"42":0,"43":20,"44":10,"45":10,"46":0,"47":20,"48":1,"49":1},"f":{"0":8,"1":1,"2":1,"3":1,"4":1,"5":1,"6":0,"7":0,"8":0,"9":1,"10":0,"11":0,"12":0,"13":0,"14":20,"15":0,"16":1,"17":1},"b":{"0":[1,0],"1":[0,20],"2":[10,10]},"_coverageSchema":"332fd63041d2c1bcb487cc26dd0d5f7d97098a6c","hash":"984807da60b4c94b20f591c022f11b27f98091c4"}
,"C:\\Users\\Geoffrey\\Documents\\GitHub\\recyclr-frontend\\dir\\app\\components\\CardSection.jsx": {"path":"C:\\Users\\Geoffrey\\Documents\\GitHub\\recyclr-frontend\\dir\\app\\components\\CardSection.jsx","statementMap":{"0":{"start":{"line":6,"column":8},"end":{"line":13,"column":10}}},"fnMap":{"0":{"name":"(anonymous_0)","decl":{"start":{"line":5,"column":4},"end":{"line":5,"column":5}},"loc":{"start":{"line":5,"column":13},"end":{"line":14,"column":5}},"line":5}},"branchMap":{},"s":{"0":1},"f":{"0":1},"b":{},"_coverageSchema":"332fd63041d2c1bcb487cc26dd0d5f7d97098a6c","hash":"9e8494d9cb41ef65b2a3bf0d67a776550673259e"}
,"C:\\Users\\Geoffrey\\Documents\\GitHub\\recyclr-frontend\\dir\\app\\components\\CheckOut.jsx": {"path":"C:\\Users\\Geoffrey\\Documents\\GitHub\\recyclr-frontend\\dir\\app\\components\\CheckOut.jsx","statementMap":{"0":{"start":{"line":10,"column":8},"end":{"line":10,"column":21}},"1":{"start":{"line":11,"column":8},"end":{"line":13,"column":9}},"2":{"start":{"line":14,"column":8},"end":{"line":14,"column":57}},"3":{"start":{"line":18,"column":8},"end":{"line":18,"column":28}},"4":{"start":{"line":19,"column":27},"end":{"line":19,"column":41}},"5":{"start":{"line":20,"column":8},"end":{"line":43,"column":11}},"6":{"start":{"line":21,"column":12},"end":{"line":21,"column":31}},"7":{"start":{"line":22,"column":12},"end":{"line":22,"column":34}},"8":{"start":{"line":23,"column":12},"end":{"line":23,"column":37}},"9":{"start":{"line":24,"column":12},"end":{"line":24,"column":54}},"10":{"start":{"line":25,"column":12},"end":{"line":25,"column":82}},"11":{"start":{"line":26,"column":12},"end":{"line":42,"column":19}},"12":{"start":{"line":27,"column":16},"end":{"line":27,"column":49}},"13":{"start":{"line":28,"column":16},"end":{"line":28,"column":50}},"14":{"start":{"line":29,"column":16},"end":{"line":29,"column":69}},"15":{"start":{"line":32,"column":16},"end":{"line":32,"column":38}},"16":{"start":{"line":33,"column":16},"end":{"line":33,"column":31}},"17":{"start":{"line":34,"column":16},"end":{"line":34,"column":50}},"18":{"start":{"line":35,"column":16},"end":{"line":35,"column":69}},"19":{"start":{"line":39,"column":20},"end":{"line":39,"column":42}},"20":{"start":{"line":40,"column":20},"end":{"line":40,"column":54}},"21":{"start":{"line":41,"column":20},"end":{"line":41,"column":94}},"22":{"start":{"line":47,"column":8},"end":{"line":58,"column":10}}},"fnMap":{"0":{"name":"(anonymous_0)","decl":{"start":{"line":9,"column":4},"end":{"line":9,"column":5}},"loc":{"start":{"line":9,"column":23},"end":{"line":15,"column":5}},"line":9},"1":{"name":"(anonymous_1)","decl":{"start":{"line":17,"column":4},"end":{"line":17,"column":5}},"loc":{"start":{"line":17,"column":21},"end":{"line":44,"column":5}},"line":17},"2":{"name":"(anonymous_2)","decl":{"start":{"line":20,"column":87},"end":{"line":20,"column":88}},"loc":{"start":{"line":20,"column":96},"end":{"line":43,"column":9}},"line":20},"3":{"name":"(anonymous_3)","decl":{"start":{"line":26,"column":127},"end":{"line":26,"column":128}},"loc":{"start":{"line":26,"column":145},"end":{"line":30,"column":13}},"line":26},"4":{"name":"(anonymous_4)","decl":{"start":{"line":30,"column":20},"end":{"line":30,"column":21}},"loc":{"start":{"line":30,"column":40},"end":{"line":36,"column":13}},"line":30},"5":{"name":"(anonymous_5)","decl":{"start":{"line":37,"column":23},"end":{"line":37,"column":24}},"loc":{"start":{"line":37,"column":43},"end":{"line":42,"column":17}},"line":37},"6":{"name":"(anonymous_6)","decl":{"start":{"line":46,"column":4},"end":{"line":46,"column":5}},"loc":{"start":{"line":46,"column":13},"end":{"line":59,"column":5}},"line":46}},"branchMap":{},"s":{"0":0,"1":0,"2":0,"3":0,"4":0,"5":0,"6":0,"7":0,"8":0,"9":0,"10":0,"11":0,"12":0,"13":0,"14":0,"15":0,"16":0,"17":0,"18":0,"19":0,"20":0,"21":0,"22":0},"f":{"0":0,"1":0,"2":0,"3":0,"4":0,"5":0,"6":0},"b":{},"_coverageSchema":"332fd63041d2c1bcb487cc26dd0d5f7d97098a6c","hash":"87cc2b284700111a1eed595cbd5eea3a1b08e81b"}
,"C:\\Users\\Geoffrey\\Documents\\GitHub\\recyclr-frontend\\dir\\app\\components\\Home.jsx": {"path":"C:\\Users\\Geoffrey\\Documents\\GitHub\\recyclr-frontend\\dir\\app\\components\\Home.jsx","statementMap":{"0":{"start":{"line":5,"column":8},"end":{"line":5,"column":21}},"1":{"start":{"line":8,"column":8},"end":{"line":48,"column":10}}},"fnMap":{"0":{"name":"(anonymous_0)","decl":{"start":{"line":4,"column":4},"end":{"line":4,"column":5}},"loc":{"start":{"line":4,"column":23},"end":{"line":6,"column":5}},"line":4},"1":{"name":"(anonymous_1)","decl":{"start":{"line":7,"column":4},"end":{"line":7,"column":5}},"loc":{"start":{"line":7,"column":13},"end":{"line":49,"column":5}},"line":7}},"branchMap":{},"s":{"0":1,"1":1},"f":{"0":1,"1":1},"b":{},"_coverageSchema":"332fd63041d2c1bcb487cc26dd0d5f7d97098a6c","hash":"a449188bf2ea30e8e07f46b80093aa7d99e67ea4"}
,"C:\\Users\\Geoffrey\\Documents\\GitHub\\recyclr-frontend\\dir\\app\\components\\Listings.jsx": {"path":"C:\\Users\\Geoffrey\\Documents\\GitHub\\recyclr-frontend\\dir\\app\\components\\Listings.jsx","statementMap":{"0":{"start":{"line":10,"column":8},"end":{"line":10,"column":21}},"1":{"start":{"line":11,"column":8},"end":{"line":19,"column":9}},"2":{"start":{"line":20,"column":8},"end":{"line":20,"column":53}},"3":{"start":{"line":21,"column":8},"end":{"line":21,"column":51}},"4":{"start":{"line":22,"column":8},"end":{"line":22,"column":53}},"5":{"start":{"line":23,"column":8},"end":{"line":23,"column":51}},"6":{"start":{"line":28,"column":8},"end":{"line":30,"column":36}},"7":{"start":{"line":30,"column":17},"end":{"line":30,"column":34}},"8":{"start":{"line":34,"column":8},"end":{"line":36,"column":36}},"9":{"start":{"line":36,"column":17},"end":{"line":36,"column":34}},"10":{"start":{"line":39,"column":8},"end":{"line":39,"column":53}},"11":{"start":{"line":40,"column":8},"end":{"line":40,"column":25}},"12":{"start":{"line":45,"column":18},"end":{"line":45,"column":32}},"13":{"start":{"line":46,"column":22},"end":{"line":46,"column":37}},"14":{"start":{"line":47,"column":8},"end":{"line":52,"column":9}},"15":{"start":{"line":51,"column":12},"end":{"line":51,"column":75}},"16":{"start":{"line":51,"column":47},"end":{"line":51,"column":73}},"17":{"start":{"line":53,"column":8},"end":{"line":59,"column":9}},"18":{"start":{"line":54,"column":12},"end":{"line":54,"column":87}},"19":{"start":{"line":54,"column":53},"end":{"line":54,"column":83}},"20":{"start":{"line":57,"column":12},"end":{"line":57,"column":87}},"21":{"start":{"line":57,"column":53},"end":{"line":57,"column":83}},"22":{"start":{"line":58,"column":12},"end":{"line":58,"column":30}},"23":{"start":{"line":60,"column":18},"end":{"line":60,"column":35}},"24":{"start":{"line":61,"column":8},"end":{"line":61,"column":29}},"25":{"start":{"line":62,"column":8},"end":{"line":62,"column":101}},"26":{"start":{"line":62,"column":43},"end":{"line":62,"column":99}},"27":{"start":{"line":63,"column":8},"end":{"line":63,"column":29}},"28":{"start":{"line":64,"column":8},"end":{"line":64,"column":45}},"29":{"start":{"line":67,"column":8},"end":{"line":69,"column":36}},"30":{"start":{"line":69,"column":17},"end":{"line":69,"column":34}},"31":{"start":{"line":73,"column":20},"end":{"line":73,"column":24}},"32":{"start":{"line":74,"column":8},"end":{"line":82,"column":11}},"33":{"start":{"line":75,"column":26},"end":{"line":79,"column":14}},"34":{"start":{"line":76,"column":16},"end":{"line":78,"column":17}},"35":{"start":{"line":77,"column":20},"end":{"line":77,"column":32}},"36":{"start":{"line":81,"column":12},"end":{"line":81,"column":29}},"37":{"start":{"line":86,"column":20},"end":{"line":86,"column":24}},"38":{"start":{"line":87,"column":8},"end":{"line":94,"column":11}},"39":{"start":{"line":88,"column":12},"end":{"line":93,"column":15}},"40":{"start":{"line":89,"column":16},"end":{"line":91,"column":45}},"41":{"start":{"line":91,"column":25},"end":{"line":91,"column":43}},"42":{"start":{"line":97,"column":8},"end":{"line":103,"column":11}},"43":{"start":{"line":98,"column":29},"end":{"line":98,"column":31}},"44":{"start":{"line":99,"column":12},"end":{"line":101,"column":13}},"45":{"start":{"line":100,"column":16},"end":{"line":100,"column":69}},"46":{"start":{"line":102,"column":12},"end":{"line":102,"column":60}},"47":{"start":{"line":102,"column":49},"end":{"line":102,"column":58}},"48":{"start":{"line":106,"column":8},"end":{"line":129,"column":11}},"49":{"start":{"line":107,"column":12},"end":{"line":128,"column":13}},"50":{"start":{"line":108,"column":29},"end":{"line":108,"column":53}},"51":{"start":{"line":109,"column":34},"end":{"line":109,"column":51}},"52":{"start":{"line":110,"column":30},"end":{"line":110,"column":69}},"53":{"start":{"line":111,"column":16},"end":{"line":127,"column":19}},"54":{"start":{"line":119,"column":35},"end":{"line":119,"column":72}},"55":{"start":{"line":120,"column":20},"end":{"line":122,"column":21}},"56":{"start":{"line":121,"column":24},"end":{"line":121,"column":34}},"57":{"start":{"line":123,"column":40},"end":{"line":123,"column":53}},"58":{"start":{"line":124,"column":32},"end":{"line":124,"column":84}},"59":{"start":{"line":125,"column":20},"end":{"line":125,"column":54}},"60":{"start":{"line":126,"column":20},"end":{"line":126,"column":30}},"61":{"start":{"line":132,"column":8},"end":{"line":134,"column":9}},"62":{"start":{"line":133,"column":12},"end":{"line":133,"column":34}},"63":{"start":{"line":135,"column":20},"end":{"line":135,"column":24}},"64":{"start":{"line":136,"column":8},"end":{"line":154,"column":15}},"65":{"start":{"line":138,"column":16},"end":{"line":145,"column":17}},"66":{"start":{"line":142,"column":20},"end":{"line":144,"column":23}},"67":{"start":{"line":146,"column":16},"end":{"line":153,"column":23}},"68":{"start":{"line":148,"column":24},"end":{"line":148,"column":44}},"69":{"start":{"line":149,"column":24},"end":{"line":151,"column":27}},"70":{"start":{"line":150,"column":28},"end":{"line":150,"column":46}},"71":{"start":{"line":161,"column":8},"end":{"line":204,"column":10}},"72":{"start":{"line":198,"column":32},"end":{"line":198,"column":91}}},"fnMap":{"0":{"name":"(anonymous_0)","decl":{"start":{"line":9,"column":4},"end":{"line":9,"column":5}},"loc":{"start":{"line":9,"column":23},"end":{"line":26,"column":5}},"line":9},"1":{"name":"(anonymous_1)","decl":{"start":{"line":27,"column":4},"end":{"line":27,"column":5}},"loc":{"start":{"line":27,"column":21},"end":{"line":32,"column":5}},"line":27},"2":{"name":"(anonymous_2)","decl":{"start":{"line":30,"column":11},"end":{"line":30,"column":12}},"loc":{"start":{"line":30,"column":17},"end":{"line":30,"column":34}},"line":30},"3":{"name":"(anonymous_3)","decl":{"start":{"line":33,"column":4},"end":{"line":33,"column":5}},"loc":{"start":{"line":33,"column":22},"end":{"line":37,"column":5}},"line":33},"4":{"name":"(anonymous_4)","decl":{"start":{"line":36,"column":11},"end":{"line":36,"column":12}},"loc":{"start":{"line":36,"column":17},"end":{"line":36,"column":34}},"line":36},"5":{"name":"(anonymous_5)","decl":{"start":{"line":38,"column":4},"end":{"line":38,"column":5}},"loc":{"start":{"line":38,"column":17},"end":{"line":43,"column":5}},"line":38},"6":{"name":"(anonymous_6)","decl":{"start":{"line":44,"column":4},"end":{"line":44,"column":5}},"loc":{"start":{"line":44,"column":16},"end":{"line":65,"column":5}},"line":44},"7":{"name":"(anonymous_7)","decl":{"start":{"line":51,"column":37},"end":{"line":51,"column":38}},"loc":{"start":{"line":51,"column":47},"end":{"line":51,"column":73}},"line":51},"8":{"name":"(anonymous_8)","decl":{"start":{"line":54,"column":35},"end":{"line":54,"column":36}},"loc":{"start":{"line":54,"column":51},"end":{"line":54,"column":85}},"line":54},"9":{"name":"(anonymous_9)","decl":{"start":{"line":57,"column":35},"end":{"line":57,"column":36}},"loc":{"start":{"line":57,"column":51},"end":{"line":57,"column":85}},"line":57},"10":{"name":"(anonymous_10)","decl":{"start":{"line":62,"column":33},"end":{"line":62,"column":34}},"loc":{"start":{"line":62,"column":43},"end":{"line":62,"column":99}},"line":62},"11":{"name":"(anonymous_11)","decl":{"start":{"line":66,"column":4},"end":{"line":66,"column":5}},"loc":{"start":{"line":66,"column":22},"end":{"line":71,"column":5}},"line":66},"12":{"name":"(anonymous_12)","decl":{"start":{"line":69,"column":11},"end":{"line":69,"column":12}},"loc":{"start":{"line":69,"column":17},"end":{"line":69,"column":34}},"line":69},"13":{"name":"(anonymous_13)","decl":{"start":{"line":72,"column":4},"end":{"line":72,"column":5}},"loc":{"start":{"line":72,"column":18},"end":{"line":84,"column":5}},"line":72},"14":{"name":"(anonymous_14)","decl":{"start":{"line":74,"column":27},"end":{"line":74,"column":28}},"loc":{"start":{"line":74,"column":48},"end":{"line":82,"column":9}},"line":74},"15":{"name":"(anonymous_15)","decl":{"start":{"line":75,"column":49},"end":{"line":75,"column":50}},"loc":{"start":{"line":75,"column":65},"end":{"line":79,"column":13}},"line":75},"16":{"name":"(anonymous_16)","decl":{"start":{"line":85,"column":4},"end":{"line":85,"column":5}},"loc":{"start":{"line":85,"column":17},"end":{"line":95,"column":5}},"line":85},"17":{"name":"(anonymous_17)","decl":{"start":{"line":87,"column":36},"end":{"line":87,"column":37}},"loc":{"start":{"line":87,"column":48},"end":{"line":94,"column":9}},"line":87},"18":{"name":"(anonymous_18)","decl":{"start":{"line":88,"column":37},"end":{"line":88,"column":38}},"loc":{"start":{"line":88,"column":54},"end":{"line":93,"column":13}},"line":88},"19":{"name":"(anonymous_19)","decl":{"start":{"line":91,"column":19},"end":{"line":91,"column":20}},"loc":{"start":{"line":91,"column":25},"end":{"line":91,"column":43}},"line":91},"20":{"name":"(anonymous_20)","decl":{"start":{"line":96,"column":4},"end":{"line":96,"column":5}},"loc":{"start":{"line":96,"column":22},"end":{"line":104,"column":5}},"line":96},"21":{"name":"(anonymous_21)","decl":{"start":{"line":97,"column":27},"end":{"line":97,"column":28}},"loc":{"start":{"line":97,"column":48},"end":{"line":103,"column":9}},"line":97},"22":{"name":"(anonymous_22)","decl":{"start":{"line":102,"column":41},"end":{"line":102,"column":42}},"loc":{"start":{"line":102,"column":49},"end":{"line":102,"column":58}},"line":102},"23":{"name":"(anonymous_23)","decl":{"start":{"line":105,"column":4},"end":{"line":105,"column":5}},"loc":{"start":{"line":105,"column":21},"end":{"line":130,"column":5}},"line":105},"24":{"name":"(anonymous_24)","decl":{"start":{"line":106,"column":27},"end":{"line":106,"column":28}},"loc":{"start":{"line":106,"column":48},"end":{"line":129,"column":9}},"line":106},"25":{"name":"(anonymous_25)","decl":{"start":{"line":118,"column":19},"end":{"line":118,"column":20}},"loc":{"start":{"line":118,"column":41},"end":{"line":127,"column":17}},"line":118},"26":{"name":"(anonymous_26)","decl":{"start":{"line":131,"column":4},"end":{"line":131,"column":5}},"loc":{"start":{"line":131,"column":24},"end":{"line":159,"column":5}},"line":131},"27":{"name":"(anonymous_27)","decl":{"start":{"line":137,"column":18},"end":{"line":137,"column":19}},"loc":{"start":{"line":137,"column":36},"end":{"line":154,"column":13}},"line":137},"28":{"name":"(anonymous_28)","decl":{"start":{"line":147,"column":26},"end":{"line":147,"column":27}},"loc":{"start":{"line":147,"column":44},"end":{"line":153,"column":21}},"line":147},"29":{"name":"(anonymous_29)","decl":{"start":{"line":149,"column":62},"end":{"line":149,"column":63}},"loc":{"start":{"line":149,"column":68},"end":{"line":151,"column":25}},"line":149},"30":{"name":"(anonymous_30)","decl":{"start":{"line":160,"column":4},"end":{"line":160,"column":5}},"loc":{"start":{"line":160,"column":13},"end":{"line":205,"column":5}},"line":160},"31":{"name":"(anonymous_31)","decl":{"start":{"line":197,"column":53},"end":{"line":197,"column":54}},"loc":{"start":{"line":197,"column":68},"end":{"line":199,"column":29}},"line":197}},"branchMap":{"0":{"loc":{"start":{"line":47,"column":8},"end":{"line":52,"column":9}},"type":"if","locations":[{"start":{"line":47,"column":8},"end":{"line":52,"column":9}},{"start":{"line":47,"column":8},"end":{"line":52,"column":9}}],"line":47},"1":{"loc":{"start":{"line":53,"column":8},"end":{"line":59,"column":9}},"type":"if","locations":[{"start":{"line":53,"column":8},"end":{"line":59,"column":9}},{"start":{"line":53,"column":8},"end":{"line":59,"column":9}}],"line":53},"2":{"loc":{"start":{"line":62,"column":43},"end":{"line":62,"column":99}},"type":"binary-expr","locations":[{"start":{"line":62,"column":43},"end":{"line":62,"column":75}},{"start":{"line":62,"column":79},"end":{"line":62,"column":99}}],"line":62},"3":{"loc":{"start":{"line":76,"column":16},"end":{"line":78,"column":17}},"type":"if","locations":[{"start":{"line":76,"column":16},"end":{"line":78,"column":17}},{"start":{"line":76,"column":16},"end":{"line":78,"column":17}}],"line":76},"4":{"loc":{"start":{"line":76,"column":20},"end":{"line":76,"column":107}},"type":"binary-expr","locations":[{"start":{"line":76,"column":20},"end":{"line":76,"column":67}},{"start":{"line":76,"column":71},"end":{"line":76,"column":107}}],"line":76},"5":{"loc":{"start":{"line":107,"column":12},"end":{"line":128,"column":13}},"type":"if","locations":[{"start":{"line":107,"column":12},"end":{"line":128,"column":13}},{"start":{"line":107,"column":12},"end":{"line":128,"column":13}}],"line":107},"6":{"loc":{"start":{"line":120,"column":20},"end":{"line":122,"column":21}},"type":"if","locations":[{"start":{"line":120,"column":20},"end":{"line":122,"column":21}},{"start":{"line":120,"column":20},"end":{"line":122,"column":21}}],"line":120},"7":{"loc":{"start":{"line":132,"column":8},"end":{"line":134,"column":9}},"type":"if","locations":[{"start":{"line":132,"column":8},"end":{"line":134,"column":9}},{"start":{"line":132,"column":8},"end":{"line":134,"column":9}}],"line":132},"8":{"loc":{"start":{"line":132,"column":12},"end":{"line":132,"column":117}},"type":"binary-expr","locations":[{"start":{"line":132,"column":12},"end":{"line":132,"column":60}},{"start":{"line":132,"column":64},"end":{"line":132,"column":117}}],"line":132},"9":{"loc":{"start":{"line":138,"column":16},"end":{"line":145,"column":17}},"type":"if","locations":[{"start":{"line":138,"column":16},"end":{"line":145,"column":17}},{"start":{"line":138,"column":16},"end":{"line":145,"column":17}}],"line":138}},"s":{"0":4,"1":4,"2":4,"3":4,"4":4,"5":4,"6":1,"7":1,"8":1,"9":1,"10":3,"11":3,"12":3,"13":3,"14":3,"15":1,"16":0,"17":3,"18":3,"19":0,"20":0,"21":0,"22":0,"23":3,"24":3,"25":3,"26":0,"27":3,"28":3,"29":1,"30":1,"31":0,"32":0,"33":0,"34":0,"35":0,"36":0,"37":0,"38":0,"39":0,"40":0,"41":0,"42":0,"43":0,"44":0,"45":0,"46":0,"47":0,"48":0,"49":0,"50":0,"51":0,"52":0,"53":0,"54":0,"55":0,"56":0,"57":0,"58":0,"59":0,"60":0,"61":4,"62":4,"63":4,"64":4,"65":0,"66":0,"67":0,"68":0,"69":0,"70":0,"71":13,"72":0},"f":{"0":4,"1":1,"2":1,"3":1,"4":1,"5":3,"6":3,"7":0,"8":0,"9":0,"10":0,"11":1,"12":1,"13":0,"14":0,"15":0,"16":0,"17":0,"18":0,"19":0,"20":0,"21":0,"22":0,"23":0,"24":0,"25":0,"26":4,"27":0,"28":0,"29":0,"30":13,"31":0},"b":{"0":[2,1],"1":[3,0],"2":[0,0],"3":[0,0],"4":[0,0],"5":[0,0],"6":[0,0],"7":[4,0],"8":[4,0],"9":[0,0]},"_coverageSchema":"332fd63041d2c1bcb487cc26dd0d5f7d97098a6c","hash":"650964512918b8b89d01d79a6650127f184a2362"}
,"C:\\Users\\Geoffrey\\Documents\\GitHub\\recyclr-frontend\\dir\\app\\components\\PayItem.jsx": {"path":"C:\\Users\\Geoffrey\\Documents\\GitHub\\recyclr-frontend\\dir\\app\\components\\PayItem.jsx","statementMap":{"0":{"start":{"line":5,"column":8},"end":{"line":5,"column":21}},"1":{"start":{"line":9,"column":16},"end":{"line":9,"column":52}},"2":{"start":{"line":10,"column":16},"end":{"line":10,"column":37}},"3":{"start":{"line":11,"column":8},"end":{"line":11,"column":33}},"4":{"start":{"line":12,"column":8},"end":{"line":22,"column":10}}},"fnMap":{"0":{"name":"(anonymous_0)","decl":{"start":{"line":4,"column":4},"end":{"line":4,"column":5}},"loc":{"start":{"line":4,"column":23},"end":{"line":6,"column":5}},"line":4},"1":{"name":"(anonymous_1)","decl":{"start":{"line":8,"column":4},"end":{"line":8,"column":5}},"loc":{"start":{"line":8,"column":13},"end":{"line":23,"column":5}},"line":8}},"branchMap":{},"s":{"0":1,"1":1,"2":1,"3":1,"4":1},"f":{"0":1,"1":1},"b":{},"_coverageSchema":"332fd63041d2c1bcb487cc26dd0d5f7d97098a6c","hash":"efd15c4c4826b8f027457231d0bffb76d9363736"}
,"C:\\Users\\Geoffrey\\Documents\\GitHub\\recyclr-frontend\\dir\\app\\components\\Payment.jsx": {"path":"C:\\Users\\Geoffrey\\Documents\\GitHub\\recyclr-frontend\\dir\\app\\components\\Payment.jsx","statementMap":{"0":{"start":{"line":18,"column":8},"end":{"line":18,"column":21}},"1":{"start":{"line":19,"column":8},"end":{"line":28,"column":9}},"2":{"start":{"line":29,"column":8},"end":{"line":29,"column":61}},"3":{"start":{"line":30,"column":8},"end":{"line":30,"column":89}},"4":{"start":{"line":34,"column":21},"end":{"line":34,"column":70}},"5":{"start":{"line":35,"column":8},"end":{"line":35,"column":51}},"6":{"start":{"line":36,"column":8},"end":{"line":41,"column":9}},"7":{"start":{"line":37,"column":12},"end":{"line":37,"column":55}},"8":{"start":{"line":40,"column":12},"end":{"line":40,"column":67}},"9":{"start":{"line":45,"column":8},"end":{"line":45,"column":71}},"10":{"start":{"line":47,"column":20},"end":{"line":47,"column":24}},"11":{"start":{"line":48,"column":8},"end":{"line":54,"column":15}},"12":{"start":{"line":50,"column":16},"end":{"line":50,"column":57}},"13":{"start":{"line":51,"column":16},"end":{"line":51,"column":53}},"14":{"start":{"line":53,"column":16},"end":{"line":53,"column":35}},"15":{"start":{"line":58,"column":24},"end":{"line":58,"column":78}},"16":{"start":{"line":59,"column":28},"end":{"line":61,"column":9}},"17":{"start":{"line":62,"column":20},"end":{"line":62,"column":24}},"18":{"start":{"line":63,"column":8},"end":{"line":85,"column":15}},"19":{"start":{"line":65,"column":16},"end":{"line":65,"column":67}},"20":{"start":{"line":66,"column":16},"end":{"line":69,"column":22}},"21":{"start":{"line":68,"column":24},"end":{"line":68,"column":44}},"22":{"start":{"line":70,"column":29},"end":{"line":70,"column":48}},"23":{"start":{"line":71,"column":16},"end":{"line":71,"column":42}},"24":{"start":{"line":72,"column":16},"end":{"line":72,"column":52}},"25":{"start":{"line":73,"column":16},"end":{"line":73,"column":56}},"26":{"start":{"line":74,"column":16},"end":{"line":74,"column":96}},"27":{"start":{"line":75,"column":31},"end":{"line":75,"column":111}},"28":{"start":{"line":76,"column":16},"end":{"line":76,"column":107}},"29":{"start":{"line":77,"column":16},"end":{"line":77,"column":52}},"30":{"start":{"line":78,"column":16},"end":{"line":78,"column":53}},"31":{"start":{"line":79,"column":16},"end":{"line":79,"column":50}},"32":{"start":{"line":80,"column":16},"end":{"line":80,"column":77}},"33":{"start":{"line":82,"column":16},"end":{"line":82,"column":35}},"34":{"start":{"line":83,"column":16},"end":{"line":83,"column":50}},"35":{"start":{"line":84,"column":16},"end":{"line":84,"column":68}},"36":{"start":{"line":89,"column":8},"end":{"line":127,"column":10}}},"fnMap":{"0":{"name":"(anonymous_0)","decl":{"start":{"line":17,"column":4},"end":{"line":17,"column":5}},"loc":{"start":{"line":17,"column":23},"end":{"line":31,"column":5}},"line":17},"1":{"name":"(anonymous_1)","decl":{"start":{"line":33,"column":4},"end":{"line":33,"column":5}},"loc":{"start":{"line":33,"column":35},"end":{"line":42,"column":5}},"line":33},"2":{"name":"(anonymous_2)","decl":{"start":{"line":44,"column":4},"end":{"line":44,"column":5}},"loc":{"start":{"line":44,"column":24},"end":{"line":55,"column":5}},"line":44},"3":{"name":"(anonymous_3)","decl":{"start":{"line":49,"column":18},"end":{"line":49,"column":19}},"loc":{"start":{"line":49,"column":36},"end":{"line":52,"column":13}},"line":49},"4":{"name":"(anonymous_4)","decl":{"start":{"line":52,"column":21},"end":{"line":52,"column":22}},"loc":{"start":{"line":52,"column":38},"end":{"line":54,"column":13}},"line":52},"5":{"name":"(anonymous_5)","decl":{"start":{"line":57,"column":4},"end":{"line":57,"column":5}},"loc":{"start":{"line":57,"column":21},"end":{"line":86,"column":5}},"line":57},"6":{"name":"(anonymous_6)","decl":{"start":{"line":64,"column":18},"end":{"line":64,"column":19}},"loc":{"start":{"line":64,"column":36},"end":{"line":81,"column":13}},"line":64},"7":{"name":"(anonymous_7)","decl":{"start":{"line":67,"column":26},"end":{"line":67,"column":27}},"loc":{"start":{"line":67,"column":44},"end":{"line":69,"column":21}},"line":67},"8":{"name":"(anonymous_8)","decl":{"start":{"line":81,"column":20},"end":{"line":81,"column":21}},"loc":{"start":{"line":81,"column":37},"end":{"line":85,"column":13}},"line":81},"9":{"name":"(anonymous_9)","decl":{"start":{"line":88,"column":4},"end":{"line":88,"column":5}},"loc":{"start":{"line":88,"column":13},"end":{"line":128,"column":5}},"line":88}},"branchMap":{"0":{"loc":{"start":{"line":36,"column":8},"end":{"line":41,"column":9}},"type":"if","locations":[{"start":{"line":36,"column":8},"end":{"line":41,"column":9}},{"start":{"line":36,"column":8},"end":{"line":41,"column":9}}],"line":36},"1":{"loc":{"start":{"line":96,"column":29},"end":{"line":97,"column":133}},"type":"binary-expr","locations":[{"start":{"line":96,"column":29},"end":{"line":96,"column":54}},{"start":{"line":97,"column":32},"end":{"line":97,"column":133}}],"line":96},"2":{"loc":{"start":{"line":99,"column":29},"end":{"line":100,"column":142}},"type":"binary-expr","locations":[{"start":{"line":99,"column":29},"end":{"line":99,"column":53}},{"start":{"line":100,"column":32},"end":{"line":100,"column":142}}],"line":99},"3":{"loc":{"start":{"line":114,"column":33},"end":{"line":117,"column":45}},"type":"binary-expr","locations":[{"start":{"line":114,"column":33},"end":{"line":114,"column":57}},{"start":{"line":115,"column":36},"end":{"line":117,"column":45}}],"line":114}},"s":{"0":2,"1":2,"2":2,"3":2,"4":0,"5":0,"6":0,"7":0,"8":0,"9":2,"10":2,"11":2,"12":0,"13":0,"14":0,"15":1,"16":1,"17":1,"18":1,"19":0,"20":0,"21":0,"22":0,"23":0,"24":0,"25":0,"26":0,"27":0,"28":0,"29":0,"30":0,"31":0,"32":0,"33":0,"34":0,"35":0,"36":5},"f":{"0":2,"1":0,"2":2,"3":0,"4":0,"5":1,"6":0,"7":0,"8":0,"9":5},"b":{"0":[0,0],"1":[5,5],"2":[5,0],"3":[5,0]},"_coverageSchema":"332fd63041d2c1bcb487cc26dd0d5f7d97098a6c","hash":"ee44568ce7f7d06803de05368a97be11f39916e8"}
,"C:\\Users\\Geoffrey\\Documents\\GitHub\\recyclr-frontend\\dir\\app\\components\\Progress.jsx": {"path":"C:\\Users\\Geoffrey\\Documents\\GitHub\\recyclr-frontend\\dir\\app\\components\\Progress.jsx","statementMap":{"0":{"start":{"line":9,"column":4},"end":{"line":9,"column":17}},"1":{"start":{"line":10,"column":4},"end":{"line":19,"column":5}},"2":{"start":{"line":20,"column":4},"end":{"line":20,"column":47}},"3":{"start":{"line":23,"column":4},"end":{"line":25,"column":5}},"4":{"start":{"line":24,"column":6},"end":{"line":24,"column":28}},"5":{"start":{"line":28,"column":16},"end":{"line":28,"column":20}},"6":{"start":{"line":30,"column":4},"end":{"line":52,"column":8}},"7":{"start":{"line":32,"column":8},"end":{"line":32,"column":33}},"8":{"start":{"line":33,"column":8},"end":{"line":39,"column":9}},"9":{"start":{"line":34,"column":10},"end":{"line":34,"column":39}},"10":{"start":{"line":37,"column":10},"end":{"line":37,"column":48}},"11":{"start":{"line":41,"column":8},"end":{"line":49,"column":13}},"12":{"start":{"line":44,"column":12},"end":{"line":44,"column":53}},"13":{"start":{"line":45,"column":12},"end":{"line":45,"column":48}},"14":{"start":{"line":46,"column":12},"end":{"line":46,"column":36}},"15":{"start":{"line":48,"column":12},"end":{"line":48,"column":31}},"16":{"start":{"line":51,"column":8},"end":{"line":51,"column":27}},"17":{"start":{"line":57,"column":16},"end":{"line":57,"column":20}},"18":{"start":{"line":58,"column":4},"end":{"line":60,"column":7}},"19":{"start":{"line":61,"column":4},"end":{"line":61,"column":35}},"20":{"start":{"line":66,"column":15},"end":{"line":66,"column":16}},"21":{"start":{"line":67,"column":4},"end":{"line":69,"column":5}},"22":{"start":{"line":68,"column":6},"end":{"line":68,"column":49}},"23":{"start":{"line":71,"column":4},"end":{"line":73,"column":7}},"24":{"start":{"line":77,"column":17},"end":{"line":77,"column":48}},"25":{"start":{"line":78,"column":4},"end":{"line":78,"column":53}},"26":{"start":{"line":81,"column":4},"end":{"line":116,"column":5}},"27":{"start":{"line":109,"column":18},"end":{"line":109,"column":78}}},"fnMap":{"0":{"name":"(anonymous_0)","decl":{"start":{"line":8,"column":2},"end":{"line":8,"column":3}},"loc":{"start":{"line":8,"column":21},"end":{"line":21,"column":3}},"line":8},"1":{"name":"(anonymous_1)","decl":{"start":{"line":22,"column":2},"end":{"line":22,"column":3}},"loc":{"start":{"line":22,"column":22},"end":{"line":55,"column":3}},"line":22},"2":{"name":"(anonymous_2)","decl":{"start":{"line":31,"column":12},"end":{"line":31,"column":13}},"loc":{"start":{"line":31,"column":30},"end":{"line":50,"column":7}},"line":31},"3":{"name":"(anonymous_3)","decl":{"start":{"line":42,"column":16},"end":{"line":42,"column":17}},"loc":{"start":{"line":42,"column":34},"end":{"line":47,"column":11}},"line":42},"4":{"name":"(anonymous_4)","decl":{"start":{"line":47,"column":19},"end":{"line":47,"column":20}},"loc":{"start":{"line":47,"column":36},"end":{"line":49,"column":11}},"line":47},"5":{"name":"(anonymous_5)","decl":{"start":{"line":50,"column":15},"end":{"line":50,"column":16}},"loc":{"start":{"line":50,"column":32},"end":{"line":52,"column":7}},"line":50},"6":{"name":"(anonymous_6)","decl":{"start":{"line":56,"column":2},"end":{"line":56,"column":3}},"loc":{"start":{"line":56,"column":14},"end":{"line":62,"column":3}},"line":56},"7":{"name":"(anonymous_7)","decl":{"start":{"line":63,"column":2},"end":{"line":63,"column":3}},"loc":{"start":{"line":63,"column":20},"end":{"line":74,"column":3}},"line":63},"8":{"name":"(anonymous_8)","decl":{"start":{"line":76,"column":2},"end":{"line":76,"column":3}},"loc":{"start":{"line":76,"column":32},"end":{"line":79,"column":3}},"line":76},"9":{"name":"(anonymous_9)","decl":{"start":{"line":80,"column":2},"end":{"line":80,"column":3}},"loc":{"start":{"line":80,"column":11},"end":{"line":117,"column":3}},"line":80},"10":{"name":"(anonymous_10)","decl":{"start":{"line":108,"column":37},"end":{"line":108,"column":38}},"loc":{"start":{"line":108,"column":52},"end":{"line":110,"column":17}},"line":108}},"branchMap":{"0":{"loc":{"start":{"line":23,"column":4},"end":{"line":25,"column":5}},"type":"if","locations":[{"start":{"line":23,"column":4},"end":{"line":25,"column":5}},{"start":{"line":23,"column":4},"end":{"line":25,"column":5}}],"line":23},"1":{"loc":{"start":{"line":33,"column":8},"end":{"line":39,"column":9}},"type":"if","locations":[{"start":{"line":33,"column":8},"end":{"line":39,"column":9}},{"start":{"line":33,"column":8},"end":{"line":39,"column":9}}],"line":33}},"s":{"0":1,"1":1,"2":1,"3":1,"4":1,"5":1,"6":1,"7":0,"8":0,"9":0,"10":0,"11":0,"12":0,"13":0,"14":0,"15":0,"16":0,"17":1,"18":1,"19":1,"20":0,"21":0,"22":0,"23":0,"24":0,"25":0,"26":2,"27":0},"f":{"0":1,"1":1,"2":0,"3":0,"4":0,"5":0,"6":1,"7":0,"8":0,"9":2,"10":0},"b":{"0":[1,0],"1":[0,0]},"_coverageSchema":"332fd63041d2c1bcb487cc26dd0d5f7d97098a6c","hash":"a7421b8faeed26b6eb15f066a5fe8f3f04717c53"}
,"C:\\Users\\Geoffrey\\Documents\\GitHub\\recyclr-frontend\\dir\\app\\components\\Settings.jsx": {"path":"C:\\Users\\Geoffrey\\Documents\\GitHub\\recyclr-frontend\\dir\\app\\components\\Settings.jsx","statementMap":{"0":{"start":{"line":8,"column":8},"end":{"line":8,"column":21}},"1":{"start":{"line":9,"column":8},"end":{"line":13,"column":10}},"2":{"start":{"line":14,"column":8},"end":{"line":14,"column":61}},"3":{"start":{"line":15,"column":8},"end":{"line":15,"column":55}},"4":{"start":{"line":16,"column":8},"end":{"line":16,"column":61}},"5":{"start":{"line":17,"column":8},"end":{"line":17,"column":53}},"6":{"start":{"line":18,"column":8},"end":{"line":18,"column":55}},"7":{"start":{"line":19,"column":8},"end":{"line":19,"column":61}},"8":{"start":{"line":20,"column":8},"end":{"line":20,"column":59}},"9":{"start":{"line":23,"column":8},"end":{"line":25,"column":9}},"10":{"start":{"line":24,"column":12},"end":{"line":24,"column":34}},"11":{"start":{"line":28,"column":8},"end":{"line":30,"column":10}},"12":{"start":{"line":34,"column":8},"end":{"line":36,"column":10}},"13":{"start":{"line":39,"column":8},"end":{"line":41,"column":10}},"14":{"start":{"line":45,"column":8},"end":{"line":45,"column":64}},"15":{"start":{"line":47,"column":28},"end":{"line":49,"column":9}},"16":{"start":{"line":52,"column":20},"end":{"line":52,"column":24}},"17":{"start":{"line":53,"column":8},"end":{"line":64,"column":14}},"18":{"start":{"line":55,"column":16},"end":{"line":55,"column":36}},"19":{"start":{"line":56,"column":16},"end":{"line":56,"column":81}},"20":{"start":{"line":57,"column":16},"end":{"line":57,"column":52}},"21":{"start":{"line":58,"column":16},"end":{"line":58,"column":50}},"22":{"start":{"line":59,"column":16},"end":{"line":59,"column":75}},"23":{"start":{"line":61,"column":16},"end":{"line":61,"column":35}},"24":{"start":{"line":62,"column":16},"end":{"line":62,"column":50}},"25":{"start":{"line":63,"column":16},"end":{"line":63,"column":85}},"26":{"start":{"line":69,"column":8},"end":{"line":69,"column":58}},"27":{"start":{"line":71,"column":28},"end":{"line":73,"column":9}},"28":{"start":{"line":76,"column":8},"end":{"line":85,"column":14}},"29":{"start":{"line":78,"column":16},"end":{"line":78,"column":36}},"30":{"start":{"line":79,"column":16},"end":{"line":79,"column":50}},"31":{"start":{"line":80,"column":16},"end":{"line":80,"column":72}},"32":{"start":{"line":82,"column":16},"end":{"line":82,"column":35}},"33":{"start":{"line":83,"column":16},"end":{"line":83,"column":50}},"34":{"start":{"line":84,"column":16},"end":{"line":84,"column":80}},"35":{"start":{"line":88,"column":21},"end":{"line":90,"column":9}},"36":{"start":{"line":91,"column":8},"end":{"line":100,"column":14}},"37":{"start":{"line":93,"column":16},"end":{"line":93,"column":36}},"38":{"start":{"line":94,"column":16},"end":{"line":94,"column":50}},"39":{"start":{"line":95,"column":16},"end":{"line":95,"column":75}},"40":{"start":{"line":97,"column":16},"end":{"line":97,"column":35}},"41":{"start":{"line":98,"column":16},"end":{"line":98,"column":50}},"42":{"start":{"line":99,"column":16},"end":{"line":99,"column":83}},"43":{"start":{"line":104,"column":8},"end":{"line":104,"column":39}},"44":{"start":{"line":105,"column":8},"end":{"line":109,"column":11}},"45":{"start":{"line":106,"column":12},"end":{"line":106,"column":32}},"46":{"start":{"line":108,"column":12},"end":{"line":108,"column":31}},"47":{"start":{"line":110,"column":8},"end":{"line":110,"column":49}},"48":{"start":{"line":111,"column":8},"end":{"line":111,"column":52}},"49":{"start":{"line":112,"column":8},"end":{"line":112,"column":48}},"50":{"start":{"line":113,"column":8},"end":{"line":113,"column":51}},"51":{"start":{"line":114,"column":8},"end":{"line":114,"column":30}},"52":{"start":{"line":122,"column":8},"end":{"line":170,"column":10}}},"fnMap":{"0":{"name":"(anonymous_0)","decl":{"start":{"line":7,"column":4},"end":{"line":7,"column":5}},"loc":{"start":{"line":7,"column":23},"end":{"line":21,"column":5}},"line":7},"1":{"name":"(anonymous_1)","decl":{"start":{"line":22,"column":4},"end":{"line":22,"column":5}},"loc":{"start":{"line":22,"column":24},"end":{"line":26,"column":5}},"line":22},"2":{"name":"(anonymous_2)","decl":{"start":{"line":27,"column":4},"end":{"line":27,"column":5}},"loc":{"start":{"line":27,"column":26},"end":{"line":31,"column":5}},"line":27},"3":{"name":"(anonymous_3)","decl":{"start":{"line":33,"column":4},"end":{"line":33,"column":5}},"loc":{"start":{"line":33,"column":23},"end":{"line":37,"column":5}},"line":33},"4":{"name":"(anonymous_4)","decl":{"start":{"line":38,"column":4},"end":{"line":38,"column":5}},"loc":{"start":{"line":38,"column":22},"end":{"line":42,"column":5}},"line":38},"5":{"name":"(anonymous_5)","decl":{"start":{"line":44,"column":4},"end":{"line":44,"column":5}},"loc":{"start":{"line":44,"column":21},"end":{"line":66,"column":5}},"line":44},"6":{"name":"(anonymous_6)","decl":{"start":{"line":54,"column":18},"end":{"line":54,"column":19}},"loc":{"start":{"line":54,"column":36},"end":{"line":60,"column":13}},"line":54},"7":{"name":"(anonymous_7)","decl":{"start":{"line":60,"column":20},"end":{"line":60,"column":21}},"loc":{"start":{"line":60,"column":37},"end":{"line":64,"column":13}},"line":60},"8":{"name":"(anonymous_8)","decl":{"start":{"line":68,"column":4},"end":{"line":68,"column":5}},"loc":{"start":{"line":68,"column":18},"end":{"line":86,"column":5}},"line":68},"9":{"name":"(anonymous_9)","decl":{"start":{"line":77,"column":18},"end":{"line":77,"column":19}},"loc":{"start":{"line":77,"column":36},"end":{"line":81,"column":13}},"line":77},"10":{"name":"(anonymous_10)","decl":{"start":{"line":81,"column":20},"end":{"line":81,"column":21}},"loc":{"start":{"line":81,"column":37},"end":{"line":85,"column":13}},"line":81},"11":{"name":"(anonymous_11)","decl":{"start":{"line":87,"column":4},"end":{"line":87,"column":5}},"loc":{"start":{"line":87,"column":21},"end":{"line":101,"column":5}},"line":87},"12":{"name":"(anonymous_12)","decl":{"start":{"line":92,"column":18},"end":{"line":92,"column":19}},"loc":{"start":{"line":92,"column":36},"end":{"line":96,"column":13}},"line":92},"13":{"name":"(anonymous_13)","decl":{"start":{"line":96,"column":21},"end":{"line":96,"column":22}},"loc":{"start":{"line":96,"column":38},"end":{"line":100,"column":13}},"line":96},"14":{"name":"(anonymous_14)","decl":{"start":{"line":103,"column":4},"end":{"line":103,"column":5}},"loc":{"start":{"line":103,"column":20},"end":{"line":119,"column":5}},"line":103},"15":{"name":"(anonymous_15)","decl":{"start":{"line":105,"column":103},"end":{"line":105,"column":104}},"loc":{"start":{"line":105,"column":121},"end":{"line":107,"column":9}},"line":105},"16":{"name":"(anonymous_16)","decl":{"start":{"line":107,"column":17},"end":{"line":107,"column":18}},"loc":{"start":{"line":107,"column":34},"end":{"line":109,"column":9}},"line":107},"17":{"name":"(anonymous_17)","decl":{"start":{"line":121,"column":4},"end":{"line":121,"column":5}},"loc":{"start":{"line":121,"column":13},"end":{"line":171,"column":5}},"line":121}},"branchMap":{"0":{"loc":{"start":{"line":23,"column":8},"end":{"line":25,"column":9}},"type":"if","locations":[{"start":{"line":23,"column":8},"end":{"line":25,"column":9}},{"start":{"line":23,"column":8},"end":{"line":25,"column":9}}],"line":23}},"s":{"0":1,"1":1,"2":1,"3":1,"4":1,"5":1,"6":1,"7":1,"8":1,"9":1,"10":1,"11":0,"12":0,"13":0,"14":1,"15":1,"16":1,"17":1,"18":0,"19":0,"20":0,"21":0,"22":0,"23":0,"24":0,"25":0,"26":1,"27":1,"28":1,"29":0,"30":0,"31":0,"32":0,"33":0,"34":0,"35":1,"36":1,"37":0,"38":0,"39":0,"40":0,"41":0,"42":0,"43":1,"44":1,"45":0,"46":0,"47":1,"48":1,"49":1,"50":1,"51":1,"52":4},"f":{"0":1,"1":1,"2":0,"3":0,"4":0,"5":1,"6":0,"7":0,"8":1,"9":0,"10":0,"11":1,"12":0,"13":0,"14":1,"15":0,"16":0,"17":4},"b":{"0":[1,0]},"_coverageSchema":"332fd63041d2c1bcb487cc26dd0d5f7d97098a6c","hash":"3d33a1909f212e66966575798b068a15f6f4e43f"}
,"C:\\Users\\Geoffrey\\Documents\\GitHub\\recyclr-frontend\\dir\\app\\components\\Urls.js": {"path":"C:\\Users\\Geoffrey\\Documents\\GitHub\\recyclr-frontend\\dir\\app\\components\\Urls.js","statementMap":{"0":{"start":{"line":1,"column":13},"end":{"line":4,"column":1}}},"fnMap":{},"branchMap":{},"s":{"0":1},"f":{},"b":{},"_coverageSchema":"332fd63041d2c1bcb487cc26dd0d5f7d97098a6c","hash":"12c9ec5a748e601fc989ea855ec7eaf0b43bd70b"}
,"C:\\Users\\Geoffrey\\Documents\\GitHub\\recyclr-frontend\\dir\\app\\components\\api.js": {"path":"C:\\Users\\Geoffrey\\Documents\\GitHub\\recyclr-frontend\\dir\\app\\components\\api.js","statementMap":{},"fnMap":{},"branchMap":{},"s":{},"f":{},"b":{},"_coverageSchema":"332fd63041d2c1bcb487cc26dd0d5f7d97098a6c","hash":"a3b7f7367f375b3c46095e500f7f6d41434cb575"}
,"C:\\Users\\Geoffrey\\Documents\\GitHub\\recyclr-frontend\\dir\\app\\components\\createListing.jsx": {"path":"C:\\Users\\Geoffrey\\Documents\\GitHub\\recyclr-frontend\\dir\\app\\components\\createListing.jsx","statementMap":{"0":{"start":{"line":12,"column":8},"end":{"line":12,"column":21}},"1":{"start":{"line":13,"column":8},"end":{"line":23,"column":10}},"2":{"start":{"line":24,"column":8},"end":{"line":24,"column":57}},"3":{"start":{"line":25,"column":8},"end":{"line":25,"column":55}},"4":{"start":{"line":26,"column":8},"end":{"line":26,"column":55}},"5":{"start":{"line":27,"column":8},"end":{"line":27,"column":59}},"6":{"start":{"line":28,"column":8},"end":{"line":28,"column":57}},"7":{"start":{"line":29,"column":8},"end":{"line":29,"column":55}},"8":{"start":{"line":30,"column":8},"end":{"line":30,"column":65}},"9":{"start":{"line":34,"column":8},"end":{"line":36,"column":11}},"10":{"start":{"line":39,"column":8},"end":{"line":41,"column":9}},"11":{"start":{"line":40,"column":12},"end":{"line":40,"column":34}},"12":{"start":{"line":44,"column":8},"end":{"line":46,"column":11}},"13":{"start":{"line":49,"column":8},"end":{"line":51,"column":11}},"14":{"start":{"line":55,"column":8},"end":{"line":55,"column":52}},"15":{"start":{"line":58,"column":8},"end":{"line":62,"column":9}},"16":{"start":{"line":59,"column":12},"end":{"line":61,"column":15}},"17":{"start":{"line":65,"column":8},"end":{"line":65,"column":27}},"18":{"start":{"line":66,"column":21},"end":{"line":66,"column":37}},"19":{"start":{"line":67,"column":19},"end":{"line":67,"column":36}},"20":{"start":{"line":68,"column":8},"end":{"line":68,"column":26}},"21":{"start":{"line":70,"column":8},"end":{"line":75,"column":9}},"22":{"start":{"line":71,"column":12},"end":{"line":74,"column":15}},"23":{"start":{"line":77,"column":8},"end":{"line":77,"column":34}},"24":{"start":{"line":81,"column":8},"end":{"line":83,"column":11}},"25":{"start":{"line":87,"column":20},"end":{"line":87,"column":24}},"26":{"start":{"line":88,"column":8},"end":{"line":88,"column":31}},"27":{"start":{"line":89,"column":19},"end":{"line":89,"column":33}},"28":{"start":{"line":90,"column":8},"end":{"line":90,"column":47}},"29":{"start":{"line":91,"column":8},"end":{"line":91,"column":59}},"30":{"start":{"line":92,"column":8},"end":{"line":92,"column":57}},"31":{"start":{"line":93,"column":8},"end":{"line":93,"column":73}},"32":{"start":{"line":94,"column":8},"end":{"line":94,"column":51}},"33":{"start":{"line":95,"column":8},"end":{"line":95,"column":47}},"34":{"start":{"line":96,"column":8},"end":{"line":96,"column":57}},"35":{"start":{"line":97,"column":8},"end":{"line":97,"column":80}},"36":{"start":{"line":98,"column":8},"end":{"line":120,"column":15}},"37":{"start":{"line":100,"column":16},"end":{"line":100,"column":78}},"38":{"start":{"line":101,"column":16},"end":{"line":112,"column":17}},"39":{"start":{"line":103,"column":24},"end":{"line":103,"column":36}},"40":{"start":{"line":105,"column":24},"end":{"line":105,"column":36}},"41":{"start":{"line":107,"column":24},"end":{"line":107,"column":36}},"42":{"start":{"line":109,"column":24},"end":{"line":109,"column":34}},"43":{"start":{"line":111,"column":24},"end":{"line":111,"column":36}},"44":{"start":{"line":113,"column":16},"end":{"line":113,"column":60}},"45":{"start":{"line":114,"column":16},"end":{"line":114,"column":67}},"46":{"start":{"line":115,"column":16},"end":{"line":115,"column":41}},"47":{"start":{"line":117,"column":16},"end":{"line":117,"column":35}},"48":{"start":{"line":118,"column":16},"end":{"line":118,"column":50}},"49":{"start":{"line":119,"column":16},"end":{"line":119,"column":66}},"50":{"start":{"line":123,"column":8},"end":{"line":190,"column":10}},"51":{"start":{"line":136,"column":61},"end":{"line":136,"column":81}},"52":{"start":{"line":168,"column":72},"end":{"line":168,"column":123}}},"fnMap":{"0":{"name":"(anonymous_0)","decl":{"start":{"line":11,"column":4},"end":{"line":11,"column":5}},"loc":{"start":{"line":11,"column":23},"end":{"line":32,"column":5}},"line":11},"1":{"name":"(anonymous_1)","decl":{"start":{"line":33,"column":4},"end":{"line":33,"column":5}},"loc":{"start":{"line":33,"column":24},"end":{"line":37,"column":5}},"line":33},"2":{"name":"(anonymous_2)","decl":{"start":{"line":38,"column":4},"end":{"line":38,"column":5}},"loc":{"start":{"line":38,"column":24},"end":{"line":42,"column":5}},"line":38},"3":{"name":"(anonymous_3)","decl":{"start":{"line":43,"column":4},"end":{"line":43,"column":5}},"loc":{"start":{"line":43,"column":23},"end":{"line":47,"column":5}},"line":43},"4":{"name":"(anonymous_4)","decl":{"start":{"line":48,"column":4},"end":{"line":48,"column":5}},"loc":{"start":{"line":48,"column":23},"end":{"line":53,"column":5}},"line":48},"5":{"name":"(anonymous_5)","decl":{"start":{"line":54,"column":4},"end":{"line":54,"column":5}},"loc":{"start":{"line":54,"column":17},"end":{"line":56,"column":5}},"line":54},"6":{"name":"(anonymous_6)","decl":{"start":{"line":57,"column":4},"end":{"line":57,"column":5}},"loc":{"start":{"line":57,"column":25},"end":{"line":63,"column":5}},"line":57},"7":{"name":"(anonymous_7)","decl":{"start":{"line":64,"column":4},"end":{"line":64,"column":5}},"loc":{"start":{"line":64,"column":20},"end":{"line":78,"column":5}},"line":64},"8":{"name":"(anonymous_8)","decl":{"start":{"line":70,"column":27},"end":{"line":70,"column":28}},"loc":{"start":{"line":70,"column":33},"end":{"line":75,"column":9}},"line":70},"9":{"name":"(anonymous_9)","decl":{"start":{"line":80,"column":4},"end":{"line":80,"column":5}},"loc":{"start":{"line":80,"column":23},"end":{"line":84,"column":5}},"line":80},"10":{"name":"(anonymous_10)","decl":{"start":{"line":85,"column":4},"end":{"line":85,"column":5}},"loc":{"start":{"line":85,"column":28},"end":{"line":121,"column":5}},"line":85},"11":{"name":"(anonymous_11)","decl":{"start":{"line":99,"column":18},"end":{"line":99,"column":19}},"loc":{"start":{"line":99,"column":36},"end":{"line":116,"column":13}},"line":99},"12":{"name":"(anonymous_12)","decl":{"start":{"line":116,"column":21},"end":{"line":116,"column":22}},"loc":{"start":{"line":116,"column":38},"end":{"line":120,"column":13}},"line":116},"13":{"name":"(anonymous_13)","decl":{"start":{"line":122,"column":4},"end":{"line":122,"column":5}},"loc":{"start":{"line":122,"column":13},"end":{"line":191,"column":5}},"line":122},"14":{"name":"(anonymous_14)","decl":{"start":{"line":136,"column":54},"end":{"line":136,"column":55}},"loc":{"start":{"line":136,"column":61},"end":{"line":136,"column":81}},"line":136},"15":{"name":"(anonymous_15)","decl":{"start":{"line":168,"column":61},"end":{"line":168,"column":62}},"loc":{"start":{"line":168,"column":72},"end":{"line":168,"column":123}},"line":168}},"branchMap":{"0":{"loc":{"start":{"line":39,"column":8},"end":{"line":41,"column":9}},"type":"if","locations":[{"start":{"line":39,"column":8},"end":{"line":41,"column":9}},{"start":{"line":39,"column":8},"end":{"line":41,"column":9}}],"line":39},"1":{"loc":{"start":{"line":39,"column":12},"end":{"line":39,"column":113}},"type":"binary-expr","locations":[{"start":{"line":39,"column":12},"end":{"line":39,"column":57}},{"start":{"line":39,"column":61},"end":{"line":39,"column":113}}],"line":39},"2":{"loc":{"start":{"line":55,"column":15},"end":{"line":55,"column":51}},"type":"binary-expr","locations":[{"start":{"line":55,"column":15},"end":{"line":55,"column":36}},{"start":{"line":55,"column":40},"end":{"line":55,"column":51}}],"line":55},"3":{"loc":{"start":{"line":58,"column":8},"end":{"line":62,"column":9}},"type":"if","locations":[{"start":{"line":58,"column":8},"end":{"line":62,"column":9}},{"start":{"line":58,"column":8},"end":{"line":62,"column":9}}],"line":58},"4":{"loc":{"start":{"line":101,"column":16},"end":{"line":112,"column":17}},"type":"switch","locations":[{"start":{"line":102,"column":20},"end":{"line":103,"column":36}},{"start":{"line":104,"column":20},"end":{"line":105,"column":36}},{"start":{"line":106,"column":20},"end":{"line":107,"column":36}},{"start":{"line":108,"column":20},"end":{"line":109,"column":34}},{"start":{"line":110,"column":20},"end":{"line":111,"column":36}}],"line":101}},"s":{"0":4,"1":4,"2":4,"3":4,"4":4,"5":4,"6":4,"7":4,"8":4,"9":1,"10":4,"11":4,"12":0,"13":1,"14":1,"15":1,"16":1,"17":0,"18":0,"19":0,"20":0,"21":0,"22":0,"23":0,"24":0,"25":1,"26":1,"27":1,"28":1,"29":1,"30":1,"31":1,"32":1,"33":1,"34":1,"35":1,"36":1,"37":0,"38":0,"39":0,"40":0,"41":0,"42":0,"43":0,"44":0,"45":0,"46":0,"47":0,"48":0,"49":0,"50":8,"51":0,"52":0},"f":{"0":4,"1":1,"2":4,"3":0,"4":1,"5":1,"6":1,"7":0,"8":0,"9":0,"10":1,"11":0,"12":0,"13":8,"14":0,"15":0},"b":{"0":[4,0],"1":[4,0],"2":[1,1],"3":[1,0],"4":[0,0,0,0,0]},"_coverageSchema":"332fd63041d2c1bcb487cc26dd0d5f7d97098a6c","hash":"cdd352c0d8317aac216a419d2f47949e02a6dbaa"}
,"C:\\Users\\Geoffrey\\Documents\\GitHub\\recyclr-frontend\\dir\\app\\components\\currPrices.jsx": {"path":"C:\\Users\\Geoffrey\\Documents\\GitHub\\recyclr-frontend\\dir\\app\\components\\currPrices.jsx","statementMap":{"0":{"start":{"line":6,"column":8},"end":{"line":6,"column":21}},"1":{"start":{"line":7,"column":8},"end":{"line":14,"column":10}},"2":{"start":{"line":18,"column":20},"end":{"line":18,"column":24}},"3":{"start":{"line":20,"column":8},"end":{"line":26,"column":11}},"4":{"start":{"line":22,"column":12},"end":{"line":22,"column":32}},"5":{"start":{"line":23,"column":12},"end":{"line":25,"column":15}},"6":{"start":{"line":28,"column":8},"end":{"line":34,"column":11}},"7":{"start":{"line":30,"column":12},"end":{"line":30,"column":32}},"8":{"start":{"line":31,"column":12},"end":{"line":33,"column":15}},"9":{"start":{"line":36,"column":8},"end":{"line":42,"column":11}},"10":{"start":{"line":38,"column":12},"end":{"line":38,"column":32}},"11":{"start":{"line":39,"column":12},"end":{"line":41,"column":15}},"12":{"start":{"line":44,"column":8},"end":{"line":50,"column":11}},"13":{"start":{"line":46,"column":12},"end":{"line":46,"column":32}},"14":{"start":{"line":47,"column":12},"end":{"line":49,"column":15}},"15":{"start":{"line":52,"column":8},"end":{"line":58,"column":11}},"16":{"start":{"line":54,"column":12},"end":{"line":54,"column":32}},"17":{"start":{"line":55,"column":12},"end":{"line":57,"column":15}},"18":{"start":{"line":61,"column":8},"end":{"line":70,"column":10}}},"fnMap":{"0":{"name":"(anonymous_0)","decl":{"start":{"line":5,"column":4},"end":{"line":5,"column":5}},"loc":{"start":{"line":5,"column":23},"end":{"line":16,"column":5}},"line":5},"1":{"name":"(anonymous_1)","decl":{"start":{"line":17,"column":4},"end":{"line":17,"column":5}},"loc":{"start":{"line":17,"column":24},"end":{"line":59,"column":5}},"line":17},"2":{"name":"(anonymous_2)","decl":{"start":{"line":21,"column":14},"end":{"line":21,"column":15}},"loc":{"start":{"line":21,"column":31},"end":{"line":26,"column":9}},"line":21},"3":{"name":"(anonymous_3)","decl":{"start":{"line":29,"column":14},"end":{"line":29,"column":15}},"loc":{"start":{"line":29,"column":31},"end":{"line":34,"column":9}},"line":29},"4":{"name":"(anonymous_4)","decl":{"start":{"line":37,"column":14},"end":{"line":37,"column":15}},"loc":{"start":{"line":37,"column":31},"end":{"line":42,"column":9}},"line":37},"5":{"name":"(anonymous_5)","decl":{"start":{"line":45,"column":14},"end":{"line":45,"column":15}},"loc":{"start":{"line":45,"column":31},"end":{"line":50,"column":9}},"line":45},"6":{"name":"(anonymous_6)","decl":{"start":{"line":53,"column":14},"end":{"line":53,"column":15}},"loc":{"start":{"line":53,"column":31},"end":{"line":58,"column":9}},"line":53},"7":{"name":"(anonymous_7)","decl":{"start":{"line":60,"column":4},"end":{"line":60,"column":5}},"loc":{"start":{"line":60,"column":13},"end":{"line":71,"column":5}},"line":60}},"branchMap":{},"s":{"0":1,"1":1,"2":1,"3":1,"4":0,"5":0,"6":1,"7":0,"8":0,"9":1,"10":0,"11":0,"12":1,"13":0,"14":0,"15":1,"16":0,"17":0,"18":1},"f":{"0":1,"1":1,"2":0,"3":0,"4":0,"5":0,"6":0,"7":1},"b":{},"_coverageSchema":"332fd63041d2c1bcb487cc26dd0d5f7d97098a6c","hash":"944b62124f7715b1e7d897fe0469bd6daee84bf4"}
,"C:\\Users\\Geoffrey\\Documents\\GitHub\\recyclr-frontend\\dir\\app\\components\\googleAuth.jsx": {"path":"C:\\Users\\Geoffrey\\Documents\\GitHub\\recyclr-frontend\\dir\\app\\components\\googleAuth.jsx","statementMap":{"0":{"start":{"line":12,"column":8},"end":{"line":12,"column":21}},"1":{"start":{"line":13,"column":8},"end":{"line":22,"column":10}},"2":{"start":{"line":24,"column":8},"end":{"line":24,"column":55}},"3":{"start":{"line":25,"column":8},"end":{"line":25,"column":61}},"4":{"start":{"line":26,"column":8},"end":{"line":26,"column":53}},"5":{"start":{"line":27,"column":8},"end":{"line":27,"column":59}},"6":{"start":{"line":28,"column":8},"end":{"line":28,"column":61}},"7":{"start":{"line":29,"column":8},"end":{"line":29,"column":53}},"8":{"start":{"line":30,"column":8},"end":{"line":30,"column":53}},"9":{"start":{"line":31,"column":8},"end":{"line":31,"column":53}},"10":{"start":{"line":32,"column":8},"end":{"line":32,"column":59}},"11":{"start":{"line":33,"column":8},"end":{"line":33,"column":59}},"12":{"start":{"line":39,"column":8},"end":{"line":41,"column":11}},"13":{"start":{"line":44,"column":8},"end":{"line":46,"column":11}},"14":{"start":{"line":49,"column":8},"end":{"line":51,"column":11}},"15":{"start":{"line":54,"column":8},"end":{"line":56,"column":11}},"16":{"start":{"line":59,"column":8},"end":{"line":61,"column":11}},"17":{"start":{"line":66,"column":8},"end":{"line":66,"column":30}},"18":{"start":{"line":67,"column":20},"end":{"line":67,"column":24}},"19":{"start":{"line":68,"column":21},"end":{"line":71,"column":9}},"20":{"start":{"line":72,"column":8},"end":{"line":89,"column":11}},"21":{"start":{"line":73,"column":12},"end":{"line":73,"column":32}},"22":{"start":{"line":74,"column":23},"end":{"line":78,"column":13}},"23":{"start":{"line":79,"column":12},"end":{"line":79,"column":64}},"24":{"start":{"line":80,"column":12},"end":{"line":80,"column":63}},"25":{"start":{"line":81,"column":12},"end":{"line":81,"column":65}},"26":{"start":{"line":83,"column":12},"end":{"line":83,"column":68}},"27":{"start":{"line":84,"column":12},"end":{"line":84,"column":63}},"28":{"start":{"line":85,"column":12},"end":{"line":85,"column":38}},"29":{"start":{"line":87,"column":12},"end":{"line":87,"column":31}},"30":{"start":{"line":88,"column":12},"end":{"line":88,"column":42}},"31":{"start":{"line":94,"column":8},"end":{"line":94,"column":30}},"32":{"start":{"line":95,"column":8},"end":{"line":95,"column":30}},"33":{"start":{"line":96,"column":8},"end":{"line":96,"column":37}},"34":{"start":{"line":99,"column":8},"end":{"line":99,"column":30}},"35":{"start":{"line":100,"column":21},"end":{"line":105,"column":9}},"36":{"start":{"line":106,"column":20},"end":{"line":106,"column":24}},"37":{"start":{"line":107,"column":8},"end":{"line":113,"column":11}},"38":{"start":{"line":108,"column":12},"end":{"line":108,"column":32}},"39":{"start":{"line":109,"column":12},"end":{"line":109,"column":47}},"40":{"start":{"line":111,"column":12},"end":{"line":111,"column":31}},"41":{"start":{"line":112,"column":12},"end":{"line":112,"column":42}},"42":{"start":{"line":119,"column":8},"end":{"line":119,"column":30}},"43":{"start":{"line":120,"column":8},"end":{"line":120,"column":30}},"44":{"start":{"line":121,"column":8},"end":{"line":121,"column":37}},"45":{"start":{"line":125,"column":8},"end":{"line":132,"column":9}},"46":{"start":{"line":126,"column":12},"end":{"line":131,"column":18}},"47":{"start":{"line":134,"column":8},"end":{"line":187,"column":9}},"48":{"start":{"line":135,"column":12},"end":{"line":154,"column":15}},"49":{"start":{"line":157,"column":12},"end":{"line":186,"column":15}},"50":{"start":{"line":188,"column":8},"end":{"line":207,"column":10}},"51":{"start":{"line":195,"column":109},"end":{"line":195,"column":158}},"52":{"start":{"line":198,"column":102},"end":{"line":198,"column":151}}},"fnMap":{"0":{"name":"(anonymous_0)","decl":{"start":{"line":11,"column":4},"end":{"line":11,"column":5}},"loc":{"start":{"line":11,"column":23},"end":{"line":36,"column":5}},"line":11},"1":{"name":"(anonymous_1)","decl":{"start":{"line":38,"column":4},"end":{"line":38,"column":5}},"loc":{"start":{"line":38,"column":23},"end":{"line":42,"column":5}},"line":38},"2":{"name":"(anonymous_2)","decl":{"start":{"line":43,"column":4},"end":{"line":43,"column":5}},"loc":{"start":{"line":43,"column":26},"end":{"line":47,"column":5}},"line":43},"3":{"name":"(anonymous_3)","decl":{"start":{"line":48,"column":4},"end":{"line":48,"column":5}},"loc":{"start":{"line":48,"column":22},"end":{"line":52,"column":5}},"line":48},"4":{"name":"(anonymous_4)","decl":{"start":{"line":53,"column":4},"end":{"line":53,"column":5}},"loc":{"start":{"line":53,"column":22},"end":{"line":57,"column":5}},"line":53},"5":{"name":"(anonymous_5)","decl":{"start":{"line":58,"column":4},"end":{"line":58,"column":5}},"loc":{"start":{"line":58,"column":25},"end":{"line":62,"column":5}},"line":58},"6":{"name":"(anonymous_6)","decl":{"start":{"line":65,"column":4},"end":{"line":65,"column":5}},"loc":{"start":{"line":65,"column":28},"end":{"line":92,"column":5}},"line":65},"7":{"name":"(anonymous_7)","decl":{"start":{"line":72,"column":61},"end":{"line":72,"column":62}},"loc":{"start":{"line":72,"column":78},"end":{"line":86,"column":9}},"line":72},"8":{"name":"(anonymous_8)","decl":{"start":{"line":86,"column":17},"end":{"line":86,"column":18}},"loc":{"start":{"line":86,"column":33},"end":{"line":89,"column":9}},"line":86},"9":{"name":"(anonymous_9)","decl":{"start":{"line":93,"column":4},"end":{"line":93,"column":5}},"loc":{"start":{"line":93,"column":25},"end":{"line":97,"column":5}},"line":93},"10":{"name":"(anonymous_10)","decl":{"start":{"line":98,"column":4},"end":{"line":98,"column":5}},"loc":{"start":{"line":98,"column":28},"end":{"line":117,"column":5}},"line":98},"11":{"name":"(anonymous_11)","decl":{"start":{"line":107,"column":59},"end":{"line":107,"column":60}},"loc":{"start":{"line":107,"column":76},"end":{"line":110,"column":9}},"line":107},"12":{"name":"(anonymous_12)","decl":{"start":{"line":110,"column":17},"end":{"line":110,"column":18}},"loc":{"start":{"line":110,"column":33},"end":{"line":113,"column":9}},"line":110},"13":{"name":"(anonymous_13)","decl":{"start":{"line":118,"column":4},"end":{"line":118,"column":5}},"loc":{"start":{"line":118,"column":25},"end":{"line":122,"column":5}},"line":118},"14":{"name":"(anonymous_14)","decl":{"start":{"line":123,"column":4},"end":{"line":123,"column":5}},"loc":{"start":{"line":123,"column":13},"end":{"line":208,"column":5}},"line":123},"15":{"name":"(anonymous_15)","decl":{"start":{"line":195,"column":103},"end":{"line":195,"column":104}},"loc":{"start":{"line":195,"column":109},"end":{"line":195,"column":158}},"line":195},"16":{"name":"(anonymous_16)","decl":{"start":{"line":198,"column":96},"end":{"line":198,"column":97}},"loc":{"start":{"line":198,"column":102},"end":{"line":198,"column":151}},"line":198}},"branchMap":{"0":{"loc":{"start":{"line":125,"column":8},"end":{"line":132,"column":9}},"type":"if","locations":[{"start":{"line":125,"column":8},"end":{"line":132,"column":9}},{"start":{"line":125,"column":8},"end":{"line":132,"column":9}}],"line":125},"1":{"loc":{"start":{"line":134,"column":8},"end":{"line":187,"column":9}},"type":"if","locations":[{"start":{"line":134,"column":8},"end":{"line":187,"column":9}},{"start":{"line":134,"column":8},"end":{"line":187,"column":9}}],"line":134}},"s":{"0":1,"1":1,"2":1,"3":1,"4":1,"5":1,"6":1,"7":1,"8":1,"9":1,"10":1,"11":1,"12":0,"13":0,"14":0,"15":0,"16":0,"17":0,"18":0,"19":0,"20":0,"21":0,"22":0,"23":0,"24":0,"25":0,"26":0,"27":0,"28":0,"29":0,"30":0,"31":0,"32":0,"33":0,"34":0,"35":0,"36":0,"37":0,"38":0,"39":0,"40":0,"41":0,"42":0,"43":0,"44":0,"45":1,"46":0,"47":1,"48":1,"49":0,"50":1,"51":0,"52":0},"f":{"0":1,"1":0,"2":0,"3":0,"4":0,"5":0,"6":0,"7":0,"8":0,"9":0,"10":0,"11":0,"12":0,"13":0,"14":1,"15":0,"16":0},"b":{"0":[0,1],"1":[1,0]},"_coverageSchema":"332fd63041d2c1bcb487cc26dd0d5f7d97098a6c","hash":"d7ea38f9eff80205466e49059d3a647f133f6aee"}
,"C:\\Users\\Geoffrey\\Documents\\GitHub\\recyclr-frontend\\dir\\app\\components\\history.js": {"path":"C:\\Users\\Geoffrey\\Documents\\GitHub\\recyclr-frontend\\dir\\app\\components\\history.js","statementMap":{},"fnMap":{},"branchMap":{},"s":{},"f":{},"b":{},"_coverageSchema":"332fd63041d2c1bcb487cc26dd0d5f7d97098a6c","hash":"00c0d083de7b1012642c180d7165c00348e16314"}
,"C:\\Users\\Geoffrey\\Documents\\GitHub\\recyclr-frontend\\dir\\app\\components\\listingItem.jsx": {"path":"C:\\Users\\Geoffrey\\Documents\\GitHub\\recyclr-frontend\\dir\\app\\components\\listingItem.jsx","statementMap":{"0":{"start":{"line":9,"column":8},"end":{"line":9,"column":21}},"1":{"start":{"line":10,"column":8},"end":{"line":12,"column":9}},"2":{"start":{"line":13,"column":8},"end":{"line":13,"column":59}},"3":{"start":{"line":14,"column":8},"end":{"line":14,"column":59}},"4":{"start":{"line":15,"column":8},"end":{"line":15,"column":59}},"5":{"start":{"line":32,"column":18},"end":{"line":34,"column":9}},"6":{"start":{"line":35,"column":20},"end":{"line":35,"column":24}},"7":{"start":{"line":36,"column":8},"end":{"line":40,"column":15}},"8":{"start":{"line":38,"column":16},"end":{"line":38,"column":36}},"9":{"start":{"line":39,"column":16},"end":{"line":39,"column":73}},"10":{"start":{"line":44,"column":8},"end":{"line":48,"column":11}},"11":{"start":{"line":46,"column":12},"end":{"line":46,"column":32}},"12":{"start":{"line":47,"column":12},"end":{"line":47,"column":33}},"13":{"start":{"line":56,"column":20},"end":{"line":56,"column":24}},"14":{"start":{"line":57,"column":8},"end":{"line":61,"column":14}},"15":{"start":{"line":59,"column":16},"end":{"line":59,"column":36}},"16":{"start":{"line":60,"column":16},"end":{"line":60,"column":37}},"17":{"start":{"line":65,"column":18},"end":{"line":67,"column":9}},"18":{"start":{"line":68,"column":8},"end":{"line":72,"column":10}},"19":{"start":{"line":69,"column":12},"end":{"line":69,"column":32}},"20":{"start":{"line":71,"column":12},"end":{"line":71,"column":31}},"21":{"start":{"line":73,"column":8},"end":{"line":73,"column":25}},"22":{"start":{"line":79,"column":8},"end":{"line":79,"column":37}},"23":{"start":{"line":84,"column":8},"end":{"line":88,"column":9}},"24":{"start":{"line":85,"column":12},"end":{"line":85,"column":30}},"25":{"start":{"line":87,"column":12},"end":{"line":87,"column":75}},"26":{"start":{"line":89,"column":8},"end":{"line":96,"column":9}},"27":{"start":{"line":90,"column":12},"end":{"line":90,"column":139}},"28":{"start":{"line":92,"column":12},"end":{"line":95,"column":19}},"29":{"start":{"line":97,"column":8},"end":{"line":99,"column":9}},"30":{"start":{"line":98,"column":12},"end":{"line":98,"column":115}},"31":{"start":{"line":100,"column":8},"end":{"line":110,"column":9}},"32":{"start":{"line":101,"column":12},"end":{"line":104,"column":19}},"33":{"start":{"line":107,"column":12},"end":{"line":109,"column":30}},"34":{"start":{"line":107,"column":97},"end":{"line":107,"column":138}},"35":{"start":{"line":108,"column":63},"end":{"line":108,"column":118}},"36":{"start":{"line":112,"column":8},"end":{"line":114,"column":9}},"37":{"start":{"line":113,"column":11},"end":{"line":113,"column":126}},"38":{"start":{"line":115,"column":8},"end":{"line":143,"column":10}}},"fnMap":{"0":{"name":"(anonymous_0)","decl":{"start":{"line":8,"column":4},"end":{"line":8,"column":5}},"loc":{"start":{"line":8,"column":23},"end":{"line":16,"column":5}},"line":8},"1":{"name":"(anonymous_1)","decl":{"start":{"line":17,"column":4},"end":{"line":17,"column":5}},"loc":{"start":{"line":17,"column":24},"end":{"line":29,"column":5}},"line":17},"2":{"name":"(anonymous_2)","decl":{"start":{"line":31,"column":4},"end":{"line":31,"column":5}},"loc":{"start":{"line":31,"column":20},"end":{"line":41,"column":5}},"line":31},"3":{"name":"(anonymous_3)","decl":{"start":{"line":37,"column":18},"end":{"line":37,"column":19}},"loc":{"start":{"line":37,"column":36},"end":{"line":40,"column":13}},"line":37},"4":{"name":"(anonymous_4)","decl":{"start":{"line":42,"column":4},"end":{"line":42,"column":5}},"loc":{"start":{"line":42,"column":15},"end":{"line":50,"column":5}},"line":42},"5":{"name":"(anonymous_5)","decl":{"start":{"line":45,"column":14},"end":{"line":45,"column":15}},"loc":{"start":{"line":45,"column":31},"end":{"line":48,"column":9}},"line":45},"6":{"name":"(anonymous_6)","decl":{"start":{"line":52,"column":4},"end":{"line":52,"column":5}},"loc":{"start":{"line":52,"column":20},"end":{"line":62,"column":5}},"line":52},"7":{"name":"(anonymous_7)","decl":{"start":{"line":58,"column":18},"end":{"line":58,"column":19}},"loc":{"start":{"line":58,"column":36},"end":{"line":61,"column":13}},"line":58},"8":{"name":"(anonymous_8)","decl":{"start":{"line":64,"column":4},"end":{"line":64,"column":5}},"loc":{"start":{"line":64,"column":20},"end":{"line":75,"column":5}},"line":64},"9":{"name":"(anonymous_9)","decl":{"start":{"line":68,"column":46},"end":{"line":68,"column":47}},"loc":{"start":{"line":68,"column":64},"end":{"line":70,"column":9}},"line":68},"10":{"name":"(anonymous_10)","decl":{"start":{"line":70,"column":17},"end":{"line":70,"column":18}},"loc":{"start":{"line":70,"column":34},"end":{"line":72,"column":9}},"line":70},"11":{"name":"(anonymous_11)","decl":{"start":{"line":78,"column":4},"end":{"line":78,"column":5}},"loc":{"start":{"line":78,"column":13},"end":{"line":144,"column":5}},"line":78},"12":{"name":"(anonymous_12)","decl":{"start":{"line":107,"column":91},"end":{"line":107,"column":92}},"loc":{"start":{"line":107,"column":97},"end":{"line":107,"column":138}},"line":107},"13":{"name":"(anonymous_13)","decl":{"start":{"line":108,"column":57},"end":{"line":108,"column":58}},"loc":{"start":{"line":108,"column":63},"end":{"line":108,"column":118}},"line":108}},"branchMap":{"0":{"loc":{"start":{"line":84,"column":8},"end":{"line":88,"column":9}},"type":"if","locations":[{"start":{"line":84,"column":8},"end":{"line":88,"column":9}},{"start":{"line":84,"column":8},"end":{"line":88,"column":9}}],"line":84},"1":{"loc":{"start":{"line":89,"column":8},"end":{"line":96,"column":9}},"type":"if","locations":[{"start":{"line":89,"column":8},"end":{"line":96,"column":9}},{"start":{"line":89,"column":8},"end":{"line":96,"column":9}}],"line":89},"2":{"loc":{"start":{"line":97,"column":8},"end":{"line":99,"column":9}},"type":"if","locations":[{"start":{"line":97,"column":8},"end":{"line":99,"column":9}},{"start":{"line":97,"column":8},"end":{"line":99,"column":9}}],"line":97},"3":{"loc":{"start":{"line":97,"column":12},"end":{"line":97,"column":93}},"type":"binary-expr","locations":[{"start":{"line":97,"column":12},"end":{"line":97,"column":64}},{"start":{"line":97,"column":68},"end":{"line":97,"column":93}}],"line":97},"4":{"loc":{"start":{"line":100,"column":8},"end":{"line":110,"column":9}},"type":"if","locations":[{"start":{"line":100,"column":8},"end":{"line":110,"column":9}},{"start":{"line":100,"column":8},"end":{"line":110,"column":9}}],"line":100},"5":{"loc":{"start":{"line":112,"column":8},"end":{"line":114,"column":9}},"type":"if","locations":[{"start":{"line":112,"column":8},"end":{"line":114,"column":9}},{"start":{"line":112,"column":8},"end":{"line":114,"column":9}}],"line":112}},"s":{"0":3,"1":3,"2":3,"3":3,"4":3,"5":1,"6":1,"7":1,"8":0,"9":0,"10":1,"11":0,"12":0,"13":1,"14":1,"15":0,"16":0,"17":0,"18":0,"19":0,"20":0,"21":0,"22":3,"23":3,"24":0,"25":3,"26":3,"27":1,"28":2,"29":3,"30":0,"31":3,"32":1,"33":2,"34":1,"35":0,"36":3,"37":3,"38":3},"f":{"0":3,"1":3,"2":1,"3":0,"4":1,"5":0,"6":1,"7":0,"8":0,"9":0,"10":0,"11":3,"12":1,"13":0},"b":{"0":[0,3],"1":[1,2],"2":[0,3],"3":[3,0],"4":[1,2],"5":[3,0]},"_coverageSchema":"332fd63041d2c1bcb487cc26dd0d5f7d97098a6c","hash":"779469afb7fbc76c639cf7c37bcb2e148726450f"}
,"C:\\Users\\Geoffrey\\Documents\\GitHub\\recyclr-frontend\\dir\\app\\utils\\config.js": {"path":"C:\\Users\\Geoffrey\\Documents\\GitHub\\recyclr-frontend\\dir\\app\\utils\\config.js","statementMap":{"0":{"start":{"line":3,"column":16},"end":{"line":7,"column":2}},"1":{"start":{"line":10,"column":4},"end":{"line":10,"column":32}}},"fnMap":{"0":{"name":"formatPrice","decl":{"start":{"line":9,"column":16},"end":{"line":9,"column":27}},"loc":{"start":{"line":9,"column":33},"end":{"line":11,"column":1}},"line":9}},"branchMap":{},"s":{"0":1,"1":5},"f":{"0":5},"b":{},"_coverageSchema":"332fd63041d2c1bcb487cc26dd0d5f7d97098a6c","hash":"06e8d7e39905331b86fd9cc691520cf3f0c5244a"}
}
