TN:
SF:C:\Users\Geoffrey\Documents\GitHub\recyclr-frontend\dir\app\components\Admin.jsx
FN:5,(anonymous_0)
FN:14,(anonymous_1)
FN:20,(anonymous_2)
FN:22,(anonymous_3)
FN:24,(anonymous_4)
FN:33,(anonymous_5)
FNF:6
FNH:3
FNDA:1,(anonymous_0)
FNDA:0,(anonymous_1)
FNDA:1,(anonymous_2)
FNDA:0,(anonymous_3)
FNDA:0,(anonymous_4)
FNDA:2,(anonymous_5)
DA:6,1
DA:7,1
DA:11,1
DA:12,1
DA:15,0
DA:21,1
DA:22,1
DA:23,0
DA:25,0
DA:27,1
DA:28,1
DA:29,1
DA:30,1
DA:34,2
LF:14
LH:11
BRF:0
BRH:0
end_of_record
TN:
SF:C:\Users\Geoffrey\Documents\GitHub\recyclr-frontend\dir\app\components\Authentication.jsx
FN:13,(anonymous_0)
FN:38,(anonymous_1)
FN:43,(anonymous_2)
FN:48,(anonymous_3)
FN:53,(anonymous_4)
FN:61,(anonymous_5)
FN:67,(anonymous_6)
FN:80,(anonymous_7)
FN:87,(anonymous_8)
FN:94,(anonymous_9)
FN:107,(anonymous_10)
FN:109,(anonymous_11)
FN:115,(anonymous_12)
FN:117,(anonymous_13)
FN:123,(anonymous_14)
FN:158,(anonymous_15)
FN:187,(anonymous_16)
FN:190,(anonymous_17)
FNF:18
FNH:10
FNDA:8,(anonymous_0)
FNDA:1,(anonymous_1)
FNDA:1,(anonymous_2)
FNDA:1,(anonymous_3)
FNDA:1,(anonymous_4)
FNDA:1,(anonymous_5)
FNDA:0,(anonymous_6)
FNDA:0,(anonymous_7)
FNDA:0,(anonymous_8)
FNDA:1,(anonymous_9)
FNDA:0,(anonymous_10)
FNDA:0,(anonymous_11)
FNDA:0,(anonymous_12)
FNDA:0,(anonymous_13)
FNDA:20,(anonymous_14)
FNDA:0,(anonymous_15)
FNDA:1,(anonymous_16)
FNDA:1,(anonymous_17)
DA:14,8
DA:15,8
DA:29,8
DA:30,8
DA:31,8
DA:32,8
DA:33,8
DA:34,8
DA:35,8
DA:39,1
DA:44,1
DA:49,1
DA:54,1
DA:62,1
DA:66,1
DA:67,1
DA:68,0
DA:69,0
DA:75,0
DA:76,0
DA:77,0
DA:78,0
DA:79,0
DA:81,0
DA:83,0
DA:84,0
DA:88,0
DA:89,0
DA:90,0
DA:91,0
DA:95,1
DA:104,1
DA:106,1
DA:107,1
DA:108,0
DA:110,0
DA:111,0
DA:115,0
DA:116,0
DA:118,0
DA:119,0
DA:124,20
DA:125,0
DA:133,20
DA:134,10
DA:149,10
DA:158,0
DA:181,20
DA:187,1
DA:190,1
LF:50
LH:27
BRDA:106,0,0,1
BRDA:106,0,1,0
BRDA:124,1,0,0
BRDA:124,1,1,20
BRDA:133,2,0,10
BRDA:133,2,1,10
BRF:6
BRH:4
end_of_record
TN:
SF:C:\Users\Geoffrey\Documents\GitHub\recyclr-frontend\dir\app\components\CardSection.jsx
FN:5,(anonymous_0)
FNF:1
FNH:1
FNDA:1,(anonymous_0)
DA:6,1
LF:1
LH:1
BRF:0
BRH:0
end_of_record
TN:
SF:C:\Users\Geoffrey\Documents\GitHub\recyclr-frontend\dir\app\components\CheckOut.jsx
FN:9,(anonymous_0)
FN:17,(anonymous_1)
FN:20,(anonymous_2)
FN:26,(anonymous_3)
FN:30,(anonymous_4)
FN:37,(anonymous_5)
FN:46,(anonymous_6)
FNF:7
FNH:0
FNDA:0,(anonymous_0)
FNDA:0,(anonymous_1)
FNDA:0,(anonymous_2)
FNDA:0,(anonymous_3)
FNDA:0,(anonymous_4)
FNDA:0,(anonymous_5)
FNDA:0,(anonymous_6)
DA:10,0
DA:11,0
DA:14,0
DA:18,0
DA:19,0
DA:20,0
DA:21,0
DA:22,0
DA:23,0
DA:24,0
DA:25,0
DA:26,0
DA:27,0
DA:28,0
DA:29,0
DA:32,0
DA:33,0
DA:34,0
DA:35,0
DA:39,0
DA:40,0
DA:41,0
DA:47,0
LF:23
LH:0
BRF:0
BRH:0
end_of_record
TN:
SF:C:\Users\Geoffrey\Documents\GitHub\recyclr-frontend\dir\app\components\Home.jsx
FN:4,(anonymous_0)
FN:7,(anonymous_1)
FNF:2
FNH:2
FNDA:1,(anonymous_0)
FNDA:1,(anonymous_1)
DA:5,1
DA:8,1
LF:2
LH:2
BRF:0
BRH:0
end_of_record
TN:
SF:C:\Users\Geoffrey\Documents\GitHub\recyclr-frontend\dir\app\components\Listings.jsx
FN:9,(anonymous_0)
FN:27,(anonymous_1)
FN:30,(anonymous_2)
FN:33,(anonymous_3)
FN:36,(anonymous_4)
FN:38,(anonymous_5)
FN:44,(anonymous_6)
FN:51,(anonymous_7)
FN:54,(anonymous_8)
FN:57,(anonymous_9)
FN:62,(anonymous_10)
FN:66,(anonymous_11)
FN:69,(anonymous_12)
FN:72,(anonymous_13)
FN:74,(anonymous_14)
FN:75,(anonymous_15)
FN:85,(anonymous_16)
FN:87,(anonymous_17)
FN:88,(anonymous_18)
FN:91,(anonymous_19)
FN:96,(anonymous_20)
FN:97,(anonymous_21)
FN:102,(anonymous_22)
FN:105,(anonymous_23)
FN:106,(anonymous_24)
FN:118,(anonymous_25)
FN:131,(anonymous_26)
FN:137,(anonymous_27)
FN:147,(anonymous_28)
FN:149,(anonymous_29)
FN:160,(anonymous_30)
FN:197,(anonymous_31)
FNF:32
FNH:11
FNDA:4,(anonymous_0)
FNDA:1,(anonymous_1)
FNDA:1,(anonymous_2)
FNDA:1,(anonymous_3)
FNDA:1,(anonymous_4)
FNDA:3,(anonymous_5)
FNDA:3,(anonymous_6)
FNDA:0,(anonymous_7)
FNDA:0,(anonymous_8)
FNDA:0,(anonymous_9)
FNDA:0,(anonymous_10)
FNDA:1,(anonymous_11)
FNDA:1,(anonymous_12)
FNDA:0,(anonymous_13)
FNDA:0,(anonymous_14)
FNDA:0,(anonymous_15)
FNDA:0,(anonymous_16)
FNDA:0,(anonymous_17)
FNDA:0,(anonymous_18)
FNDA:0,(anonymous_19)
FNDA:0,(anonymous_20)
FNDA:0,(anonymous_21)
FNDA:0,(anonymous_22)
FNDA:0,(anonymous_23)
FNDA:0,(anonymous_24)
FNDA:0,(anonymous_25)
FNDA:4,(anonymous_26)
FNDA:0,(anonymous_27)
FNDA:0,(anonymous_28)
FNDA:0,(anonymous_29)
FNDA:13,(anonymous_30)
FNDA:0,(anonymous_31)
DA:10,4
DA:11,4
DA:20,4
DA:21,4
DA:22,4
DA:23,4
DA:28,1
DA:30,1
DA:34,1
DA:36,1
DA:39,3
DA:40,3
DA:45,3
DA:46,3
DA:47,3
DA:51,1
DA:53,3
DA:54,3
DA:57,0
DA:58,0
DA:60,3
DA:61,3
DA:62,3
DA:63,3
DA:64,3
DA:67,1
DA:69,1
DA:73,0
DA:74,0
DA:75,0
DA:76,0
DA:77,0
DA:81,0
DA:86,0
DA:87,0
DA:88,0
DA:89,0
DA:91,0
DA:97,0
DA:98,0
DA:99,0
DA:100,0
DA:102,0
DA:106,0
DA:107,0
DA:108,0
DA:109,0
DA:110,0
DA:111,0
DA:119,0
DA:120,0
DA:121,0
DA:123,0
DA:124,0
DA:125,0
DA:126,0
DA:132,4
DA:133,4
DA:135,4
DA:136,4
DA:138,0
DA:142,0
DA:146,0
DA:148,0
DA:149,0
DA:150,0
DA:161,13
DA:198,0
LF:68
LH:30
BRDA:47,0,0,2
BRDA:47,0,1,1
BRDA:53,1,0,3
BRDA:53,1,1,0
BRDA:62,2,0,0
BRDA:62,2,1,0
BRDA:76,3,0,0
BRDA:76,3,1,0
BRDA:76,4,0,0
BRDA:76,4,1,0
BRDA:107,5,0,0
BRDA:107,5,1,0
BRDA:120,6,0,0
BRDA:120,6,1,0
BRDA:132,7,0,4
BRDA:132,7,1,0
BRDA:132,8,0,4
BRDA:132,8,1,0
BRDA:138,9,0,0
BRDA:138,9,1,0
BRF:20
BRH:5
end_of_record
TN:
SF:C:\Users\Geoffrey\Documents\GitHub\recyclr-frontend\dir\app\components\PayItem.jsx
FN:4,(anonymous_0)
FN:8,(anonymous_1)
FNF:2
FNH:2
FNDA:1,(anonymous_0)
FNDA:1,(anonymous_1)
DA:5,1
DA:9,1
DA:10,1
DA:11,1
DA:12,1
LF:5
LH:5
BRF:0
BRH:0
end_of_record
TN:
SF:C:\Users\Geoffrey\Documents\GitHub\recyclr-frontend\dir\app\components\Payment.jsx
FN:17,(anonymous_0)
FN:33,(anonymous_1)
FN:44,(anonymous_2)
FN:49,(anonymous_3)
FN:52,(anonymous_4)
FN:57,(anonymous_5)
FN:64,(anonymous_6)
FN:67,(anonymous_7)
FN:81,(anonymous_8)
FN:88,(anonymous_9)
FNF:10
FNH:4
FNDA:2,(anonymous_0)
FNDA:0,(anonymous_1)
FNDA:2,(anonymous_2)
FNDA:0,(anonymous_3)
FNDA:0,(anonymous_4)
FNDA:1,(anonymous_5)
FNDA:0,(anonymous_6)
FNDA:0,(anonymous_7)
FNDA:0,(anonymous_8)
FNDA:5,(anonymous_9)
DA:18,2
DA:19,2
DA:29,2
DA:30,2
DA:34,0
DA:35,0
DA:36,0
DA:37,0
DA:40,0
DA:45,2
DA:47,2
DA:48,2
DA:50,0
DA:51,0
DA:53,0
DA:58,1
DA:59,1
DA:62,1
DA:63,1
DA:65,0
DA:66,0
DA:68,0
DA:70,0
DA:71,0
DA:72,0
DA:73,0
DA:74,0
DA:75,0
DA:76,0
DA:77,0
DA:78,0
DA:79,0
DA:80,0
DA:82,0
DA:83,0
DA:84,0
DA:89,5
LF:37
LH:12
BRDA:36,0,0,0
BRDA:36,0,1,0
BRDA:96,1,0,5
BRDA:96,1,1,5
BRDA:99,2,0,5
BRDA:99,2,1,0
BRDA:114,3,0,5
BRDA:114,3,1,0
BRF:8
BRH:4
end_of_record
TN:
SF:C:\Users\Geoffrey\Documents\GitHub\recyclr-frontend\dir\app\components\Progress.jsx
FN:8,(anonymous_0)
FN:22,(anonymous_1)
FN:31,(anonymous_2)
FN:42,(anonymous_3)
FN:47,(anonymous_4)
FN:50,(anonymous_5)
FN:56,(anonymous_6)
FN:63,(anonymous_7)
FN:76,(anonymous_8)
FN:80,(anonymous_9)
FN:108,(anonymous_10)
FNF:11
FNH:4
FNDA:1,(anonymous_0)
FNDA:1,(anonymous_1)
FNDA:0,(anonymous_2)
FNDA:0,(anonymous_3)
FNDA:0,(anonymous_4)
FNDA:0,(anonymous_5)
FNDA:1,(anonymous_6)
FNDA:0,(anonymous_7)
FNDA:0,(anonymous_8)
FNDA:2,(anonymous_9)
FNDA:0,(anonymous_10)
DA:9,1
DA:10,1
DA:20,1
DA:23,1
DA:24,1
DA:28,1
DA:30,1
DA:32,0
DA:33,0
DA:34,0
DA:37,0
DA:41,0
DA:44,0
DA:45,0
DA:46,0
DA:48,0
DA:51,0
DA:57,1
DA:58,1
DA:61,1
DA:66,0
DA:67,0
DA:68,0
DA:71,0
DA:77,0
DA:78,0
DA:81,2
DA:109,0
LF:28
LH:11
BRDA:23,0,0,1
BRDA:23,0,1,0
BRDA:33,1,0,0
BRDA:33,1,1,0
BRF:4
BRH:1
end_of_record
TN:
SF:C:\Users\Geoffrey\Documents\GitHub\recyclr-frontend\dir\app\components\Settings.jsx
FN:7,(anonymous_0)
FN:22,(anonymous_1)
FN:27,(anonymous_2)
FN:33,(anonymous_3)
FN:38,(anonymous_4)
FN:44,(anonymous_5)
FN:54,(anonymous_6)
FN:60,(anonymous_7)
FN:68,(anonymous_8)
FN:77,(anonymous_9)
FN:81,(anonymous_10)
FN:87,(anonymous_11)
FN:92,(anonymous_12)
FN:96,(anonymous_13)
FN:103,(anonymous_14)
FN:105,(anonymous_15)
FN:107,(anonymous_16)
FN:121,(anonymous_17)
FNF:18
FNH:7
FNDA:1,(anonymous_0)
FNDA:1,(anonymous_1)
FNDA:0,(anonymous_2)
FNDA:0,(anonymous_3)
FNDA:0,(anonymous_4)
FNDA:1,(anonymous_5)
FNDA:0,(anonymous_6)
FNDA:0,(anonymous_7)
FNDA:1,(anonymous_8)
FNDA:0,(anonymous_9)
FNDA:0,(anonymous_10)
FNDA:1,(anonymous_11)
FNDA:0,(anonymous_12)
FNDA:0,(anonymous_13)
FNDA:1,(anonymous_14)
FNDA:0,(anonymous_15)
FNDA:0,(anonymous_16)
FNDA:4,(anonymous_17)
DA:8,1
DA:9,1
DA:14,1
DA:15,1
DA:16,1
DA:17,1
DA:18,1
DA:19,1
DA:20,1
DA:23,1
DA:24,1
DA:28,0
DA:34,0
DA:39,0
DA:45,1
DA:47,1
DA:52,1
DA:53,1
DA:55,0
DA:56,0
DA:57,0
DA:58,0
DA:59,0
DA:61,0
DA:62,0
DA:63,0
DA:69,1
DA:71,1
DA:76,1
DA:78,0
DA:79,0
DA:80,0
DA:82,0
DA:83,0
DA:84,0
DA:88,1
DA:91,1
DA:93,0
DA:94,0
DA:95,0
DA:97,0
DA:98,0
DA:99,0
DA:104,1
DA:105,1
DA:106,0
DA:108,0
DA:110,1
DA:111,1
DA:112,1
DA:113,1
DA:114,1
DA:122,4
LF:53
LH:28
BRDA:23,0,0,1
BRDA:23,0,1,0
BRF:2
BRH:1
end_of_record
TN:
SF:C:\Users\Geoffrey\Documents\GitHub\recyclr-frontend\dir\app\components\Urls.js
FNF:0
FNH:0
DA:1,1
LF:1
LH:1
BRF:0
BRH:0
end_of_record
TN:
SF:C:\Users\Geoffrey\Documents\GitHub\recyclr-frontend\dir\app\components\api.js
FNF:0
FNH:0
LF:0
LH:0
BRF:0
BRH:0
end_of_record
TN:
SF:C:\Users\Geoffrey\Documents\GitHub\recyclr-frontend\dir\app\components\createListing.jsx
FN:11,(anonymous_0)
FN:33,(anonymous_1)
FN:38,(anonymous_2)
FN:43,(anonymous_3)
FN:48,(anonymous_4)
FN:54,(anonymous_5)
FN:57,(anonymous_6)
FN:64,(anonymous_7)
FN:70,(anonymous_8)
FN:80,(anonymous_9)
FN:85,(anonymous_10)
FN:99,(anonymous_11)
FN:116,(anonymous_12)
FN:122,(anonymous_13)
FN:136,(anonymous_14)
FN:168,(anonymous_15)
FNF:16
FNH:8
FNDA:4,(anonymous_0)
FNDA:1,(anonymous_1)
FNDA:4,(anonymous_2)
FNDA:0,(anonymous_3)
FNDA:1,(anonymous_4)
FNDA:1,(anonymous_5)
FNDA:1,(anonymous_6)
FNDA:0,(anonymous_7)
FNDA:0,(anonymous_8)
FNDA:0,(anonymous_9)
FNDA:1,(anonymous_10)
FNDA:0,(anonymous_11)
FNDA:0,(anonymous_12)
FNDA:8,(anonymous_13)
FNDA:0,(anonymous_14)
FNDA:0,(anonymous_15)
DA:12,4
DA:13,4
DA:24,4
DA:25,4
DA:26,4
DA:27,4
DA:28,4
DA:29,4
DA:30,4
DA:34,1
DA:39,4
DA:40,4
DA:44,0
DA:49,1
DA:55,1
DA:58,1
DA:59,1
DA:65,0
DA:66,0
DA:67,0
DA:68,0
DA:70,0
DA:71,0
DA:77,0
DA:81,0
DA:87,1
DA:88,1
DA:89,1
DA:90,1
DA:91,1
DA:92,1
DA:93,1
DA:94,1
DA:95,1
DA:96,1
DA:97,1
DA:98,1
DA:100,0
DA:101,0
DA:103,0
DA:105,0
DA:107,0
DA:109,0
DA:111,0
DA:113,0
DA:114,0
DA:115,0
DA:117,0
DA:118,0
DA:119,0
DA:123,8
DA:136,0
DA:168,0
LF:53
LH:29
BRDA:39,0,0,4
BRDA:39,0,1,0
BRDA:39,1,0,4
BRDA:39,1,1,0
BRDA:55,2,0,1
BRDA:55,2,1,1
BRDA:58,3,0,1
BRDA:58,3,1,0
BRDA:101,4,0,0
BRDA:101,4,1,0
BRDA:101,4,2,0
BRDA:101,4,3,0
BRDA:101,4,4,0
BRF:13
BRH:5
end_of_record
TN:
SF:C:\Users\Geoffrey\Documents\GitHub\recyclr-frontend\dir\app\components\currPrices.jsx
FN:5,(anonymous_0)
FN:17,(anonymous_1)
FN:21,(anonymous_2)
FN:29,(anonymous_3)
FN:37,(anonymous_4)
FN:45,(anonymous_5)
FN:53,(anonymous_6)
FN:60,(anonymous_7)
FNF:8
FNH:3
FNDA:1,(anonymous_0)
FNDA:1,(anonymous_1)
FNDA:0,(anonymous_2)
FNDA:0,(anonymous_3)
FNDA:0,(anonymous_4)
FNDA:0,(anonymous_5)
FNDA:0,(anonymous_6)
FNDA:1,(anonymous_7)
DA:6,1
DA:7,1
DA:18,1
DA:20,1
DA:22,0
DA:23,0
DA:28,1
DA:30,0
DA:31,0
DA:36,1
DA:38,0
DA:39,0
DA:44,1
DA:46,0
DA:47,0
DA:52,1
DA:54,0
DA:55,0
DA:61,1
LF:19
LH:9
BRF:0
BRH:0
end_of_record
TN:
SF:C:\Users\Geoffrey\Documents\GitHub\recyclr-frontend\dir\app\components\googleAuth.jsx
FN:11,(anonymous_0)
FN:38,(anonymous_1)
FN:43,(anonymous_2)
FN:48,(anonymous_3)
FN:53,(anonymous_4)
FN:58,(anonymous_5)
FN:65,(anonymous_6)
FN:72,(anonymous_7)
FN:86,(anonymous_8)
FN:93,(anonymous_9)
FN:98,(anonymous_10)
FN:107,(anonymous_11)
FN:110,(anonymous_12)
FN:118,(anonymous_13)
FN:123,(anonymous_14)
FN:195,(anonymous_15)
FN:198,(anonymous_16)
FNF:17
FNH:2
FNDA:1,(anonymous_0)
FNDA:0,(anonymous_1)
FNDA:0,(anonymous_2)
FNDA:0,(anonymous_3)
FNDA:0,(anonymous_4)
FNDA:0,(anonymous_5)
FNDA:0,(anonymous_6)
FNDA:0,(anonymous_7)
FNDA:0,(anonymous_8)
FNDA:0,(anonymous_9)
FNDA:0,(anonymous_10)
FNDA:0,(anonymous_11)
FNDA:0,(anonymous_12)
FNDA:0,(anonymous_13)
FNDA:1,(anonymous_14)
FNDA:0,(anonymous_15)
FNDA:0,(anonymous_16)
DA:12,1
DA:13,1
DA:24,1
DA:25,1
DA:26,1
DA:27,1
DA:28,1
DA:29,1
DA:30,1
DA:31,1
DA:32,1
DA:33,1
DA:39,0
DA:44,0
DA:49,0
DA:54,0
DA:59,0
DA:66,0
DA:67,0
DA:68,0
DA:72,0
DA:73,0
DA:74,0
DA:79,0
DA:80,0
DA:81,0
DA:83,0
DA:84,0
DA:85,0
DA:87,0
DA:88,0
DA:94,0
DA:95,0
DA:96,0
DA:99,0
DA:100,0
DA:106,0
DA:107,0
DA:108,0
DA:109,0
DA:111,0
DA:112,0
DA:119,0
DA:120,0
DA:121,0
DA:125,1
DA:126,0
DA:134,1
DA:135,1
DA:157,0
DA:188,1
DA:195,0
DA:198,0
LF:53
LH:16
BRDA:125,0,0,0
BRDA:125,0,1,1
BRDA:134,1,0,1
BRDA:134,1,1,0
BRF:4
BRH:2
end_of_record
TN:
SF:C:\Users\Geoffrey\Documents\GitHub\recyclr-frontend\dir\app\components\history.js
FNF:0
FNH:0
LF:0
LH:0
BRF:0
BRH:0
end_of_record
TN:
SF:C:\Users\Geoffrey\Documents\GitHub\recyclr-frontend\dir\app\components\listingItem.jsx
FN:8,(anonymous_0)
FN:17,(anonymous_1)
FN:31,(anonymous_2)
FN:37,(anonymous_3)
FN:42,(anonymous_4)
FN:45,(anonymous_5)
FN:52,(anonymous_6)
FN:58,(anonymous_7)
FN:64,(anonymous_8)
FN:68,(anonymous_9)
FN:70,(anonymous_10)
FN:78,(anonymous_11)
FN:107,(anonymous_12)
FN:108,(anonymous_13)
FNF:14
FNH:7
FNDA:3,(anonymous_0)
FNDA:3,(anonymous_1)
FNDA:1,(anonymous_2)
FNDA:0,(anonymous_3)
FNDA:1,(anonymous_4)
FNDA:0,(anonymous_5)
FNDA:1,(anonymous_6)
FNDA:0,(anonymous_7)
FNDA:0,(anonymous_8)
FNDA:0,(anonymous_9)
FNDA:0,(anonymous_10)
FNDA:3,(anonymous_11)
FNDA:1,(anonymous_12)
FNDA:0,(anonymous_13)
DA:9,3
DA:10,3
DA:13,3
DA:14,3
DA:15,3
DA:32,1
DA:35,1
DA:36,1
DA:38,0
DA:39,0
DA:44,1
DA:46,0
DA:47,0
DA:56,1
DA:57,1
DA:59,0
DA:60,0
DA:65,0
DA:68,0
DA:69,0
DA:71,0
DA:73,0
DA:79,3
DA:84,3
DA:85,0
DA:87,3
DA:89,3
DA:90,1
DA:92,2
DA:97,3
DA:98,0
DA:100,3
DA:101,1
DA:107,2
DA:108,0
DA:112,3
DA:113,3
DA:115,3
LF:38
LH:24
BRDA:84,0,0,0
BRDA:84,0,1,3
BRDA:89,1,0,1
BRDA:89,1,1,2
BRDA:97,2,0,0
BRDA:97,2,1,3
BRDA:97,3,0,3
BRDA:97,3,1,0
BRDA:100,4,0,1
BRDA:100,4,1,2
BRDA:112,5,0,3
BRDA:112,5,1,0
BRF:12
BRH:8
end_of_record
TN:
SF:C:\Users\Geoffrey\Documents\GitHub\recyclr-frontend\dir\app\utils\config.js
FN:9,formatPrice
FNF:1
FNH:1
FNDA:5,formatPrice
DA:3,1
DA:10,5
LF:2
LH:2
BRF:0
BRH:0
end_of_record
